[ 2015-01-30T09:44:52+08:00 ] 127.0.0.1 /
INFO: [ app_begin ] --START--
INFO: Run Behavior\ReadHtmlCache [ RunTime:0.003660s ]
INFO: [ app_begin ] --END-- [ RunTime:0.056546s ]
INFO: [ view_parse ] --START--
INFO: [ template_filter ] --START--
INFO: Run Behavior\ContentReplace [ RunTime:0.001845s ]
INFO: [ template_filter ] --END-- [ RunTime:0.007547s ]
INFO: Run Behavior\ParseTemplate [ RunTime:0.176886s ]
INFO: [ view_parse ] --END-- [ RunTime:0.187927s ]
INFO: [ view_filter ] --START--
INFO: Run Behavior\WriteHtmlCache [ RunTime:0.005658s ]
INFO: [ view_filter ] --END-- [ RunTime:0.015318s ]
INFO: [ app_end ] --START--
INFO: Run Behavior\ShowPageTrace [ RunTime:0.003441s ]
INFO: [ app_end ] --END-- [ RunTime:0.008659s ]

[ 2015-01-30T10:09:40+08:00 ] 127.0.0.1 /index.php/Home/Index/regist
INFO: [ app_begin ] --START--
INFO: Run Behavior\ReadHtmlCache [ RunTime:0.004306s ]
INFO: [ app_begin ] --END-- [ RunTime:0.010182s ]

[ 2015-01-30T10:10:21+08:00 ] 127.0.0.1 /index.php/Home/Index/regist
INFO: [ app_begin ] --START--
INFO: Run Behavior\ReadHtmlCache [ RunTime:0.028700s ]
INFO: [ app_begin ] --END-- [ RunTime:0.034258s ]

[ 2015-01-30T10:10:23+08:00 ] 127.0.0.1 /index.php/Home/Index/regist
INFO: [ app_begin ] --START--
INFO: Run Behavior\ReadHtmlCache [ RunTime:0.002871s ]
INFO: [ app_begin ] --END-- [ RunTime:0.008240s ]

[ 2015-01-30T10:10:24+08:00 ] 127.0.0.1 /index.php/Home/Index/regist
INFO: [ app_begin ] --START--
INFO: Run Behavior\ReadHtmlCache [ RunTime:0.002869s ]
INFO: [ app_begin ] --END-- [ RunTime:0.008224s ]

[ 2015-01-30T10:10:33+08:00 ] 127.0.0.1 /index.php/Home/Index/regist
INFO: [ app_begin ] --START--
INFO: Run Behavior\ReadHtmlCache [ RunTime:0.002942s ]
INFO: [ app_begin ] --END-- [ RunTime:0.008339s ]

[ 2015-01-30T10:10:56+08:00 ] 127.0.0.1 /index.php/Home/Index/regist
INFO: [ app_begin ] --START--
INFO: Run Behavior\ReadHtmlCache [ RunTime:0.002856s ]
INFO: [ app_begin ] --END-- [ RunTime:0.008259s ]
INFO: [ view_parse ] --START--
INFO: [ template_filter ] --START--
INFO: Run Behavior\ContentReplace [ RunTime:0.001871s ]
INFO: [ template_filter ] --END-- [ RunTime:0.007073s ]
INFO: Run Behavior\ParseTemplate [ RunTime:0.060825s ]
INFO: [ view_parse ] --END-- [ RunTime:0.066067s ]
INFO: [ view_filter ] --START--
INFO: Run Behavior\WriteHtmlCache [ RunTime:0.002953s ]
INFO: [ view_filter ] --END-- [ RunTime:0.008141s ]
INFO: [ app_end ] --START--
INFO: Run Behavior\ShowPageTrace [ RunTime:0.003357s ]
INFO: [ app_end ] --END-- [ RunTime:0.009779s ]

[ 2015-01-30T10:12:11+08:00 ] 127.0.0.1 /index.php/Home/Index/regist
INFO: [ app_begin ] --START--
INFO: Run Behavior\ReadHtmlCache [ RunTime:0.003246s ]
INFO: [ app_begin ] --END-- [ RunTime:0.008681s ]
INFO: [ view_parse ] --START--
INFO: [ template_filter ] --START--
INFO: Run Behavior\ContentReplace [ RunTime:0.001912s ]
INFO: [ template_filter ] --END-- [ RunTime:0.007808s ]
INFO: Run Behavior\ParseTemplate [ RunTime:0.061742s ]
INFO: [ view_parse ] --END-- [ RunTime:0.066991s ]
INFO: [ view_filter ] --START--
INFO: Run Behavior\WriteHtmlCache [ RunTime:0.003134s ]
INFO: [ view_filter ] --END-- [ RunTime:0.009183s ]
INFO: [ app_end ] --START--
INFO: Run Behavior\ShowPageTrace [ RunTime:0.003353s ]
INFO: [ app_end ] --END-- [ RunTime:0.008400s ]

[ 2015-01-30T10:12:12+08:00 ] 127.0.0.1 /index.php/Home/Index/ajaxChkLogin
INFO: [ app_begin ] --START--
INFO: Run Behavior\ReadHtmlCache [ RunTime:0.002908s ]
INFO: [ app_begin ] --END-- [ RunTime:0.007607s ]
ERR: 非法操作:ajaxchklogin

[ 2015-01-30T10:56:08+08:00 ] 127.0.0.1 /index.php/Home/Index/index
INFO: [ app_begin ] --START--
INFO: Run Behavior\ReadHtmlCache [ RunTime:0.004841s ]
INFO: [ app_begin ] --END-- [ RunTime:0.012704s ]

[ 2015-01-30T10:56:35+08:00 ] 127.0.0.1 /index.php/Home/Index/index
INFO: [ app_begin ] --START--
INFO: Run Behavior\ReadHtmlCache [ RunTime:0.003233s ]
INFO: [ app_begin ] --END-- [ RunTime:0.008654s ]

[ 2015-01-30T10:58:59+08:00 ] 127.0.0.1 /index.php/Home/Index/index
INFO: [ app_begin ] --START--
INFO: Run Behavior\ReadHtmlCache [ RunTime:0.003306s ]
INFO: [ app_begin ] --END-- [ RunTime:0.008766s ]
INFO: [ app_end ] --START--
INFO: Run Behavior\ShowPageTrace [ RunTime:0.012837s ]
INFO: [ app_end ] --END-- [ RunTime:0.018112s ]

[ 2015-01-30T10:59:23+08:00 ] 127.0.0.1 /index.php/Home/Index/index
INFO: [ app_begin ] --START--
INFO: Run Behavior\ReadHtmlCache [ RunTime:0.003249s ]
INFO: [ app_begin ] --END-- [ RunTime:0.008678s ]
INFO: [ app_end ] --START--
INFO: Run Behavior\ShowPageTrace [ RunTime:0.003338s ]
INFO: [ app_end ] --END-- [ RunTime:0.008655s ]

[ 2015-01-30T11:00:32+08:00 ] 127.0.0.1 /index.php/Home/Index/index
INFO: [ app_begin ] --START--
INFO: Run Behavior\ReadHtmlCache [ RunTime:0.003082s ]
INFO: [ app_begin ] --END-- [ RunTime:0.009325s ]
INFO: [ app_end ] --START--
INFO: Run Behavior\ShowPageTrace [ RunTime:0.003231s ]
INFO: [ app_end ] --END-- [ RunTime:0.008633s ]

[ 2015-01-30T11:00:33+08:00 ] 127.0.0.1 /index.php/Home/Index/index
INFO: [ app_begin ] --START--
INFO: Run Behavior\ReadHtmlCache [ RunTime:0.002961s ]
INFO: [ app_begin ] --END-- [ RunTime:0.009102s ]
INFO: [ app_end ] --START--
INFO: Run Behavior\ShowPageTrace [ RunTime:0.003106s ]
INFO: [ app_end ] --END-- [ RunTime:0.008931s ]

[ 2015-01-30T11:00:46+08:00 ] 127.0.0.1 /index.php/Home/Index/index
INFO: [ app_begin ] --START--
INFO: Run Behavior\ReadHtmlCache [ RunTime:0.003425s ]
INFO: [ app_begin ] --END-- [ RunTime:0.008974s ]
INFO: [ app_end ] --START--
INFO: Run Behavior\ShowPageTrace [ RunTime:0.003356s ]
INFO: [ app_end ] --END-- [ RunTime:0.008626s ]

[ 2015-01-30T11:00:47+08:00 ] 127.0.0.1 /index.php/Home/Index/index
INFO: [ app_begin ] --START--
INFO: Run Behavior\ReadHtmlCache [ RunTime:0.003226s ]
INFO: [ app_begin ] --END-- [ RunTime:0.009035s ]
INFO: [ app_end ] --START--
INFO: Run Behavior\ShowPageTrace [ RunTime:0.005135s ]
INFO: [ app_end ] --END-- [ RunTime:0.010857s ]

[ 2015-01-30T11:00:47+08:00 ] 127.0.0.1 /index.php/Home/Index/index
INFO: [ app_begin ] --START--
INFO: Run Behavior\ReadHtmlCache [ RunTime:0.002982s ]
INFO: [ app_begin ] --END-- [ RunTime:0.008396s ]
INFO: [ app_end ] --START--
INFO: Run Behavior\ShowPageTrace [ RunTime:0.003155s ]
INFO: [ app_end ] --END-- [ RunTime:0.008343s ]

[ 2015-01-30T11:00:47+08:00 ] 127.0.0.1 /index.php/Home/Index/index
INFO: [ app_begin ] --START--
INFO: Run Behavior\ReadHtmlCache [ RunTime:0.003092s ]
INFO: [ app_begin ] --END-- [ RunTime:0.009323s ]
INFO: [ app_end ] --START--
INFO: Run Behavior\ShowPageTrace [ RunTime:0.003077s ]
INFO: [ app_end ] --END-- [ RunTime:0.008311s ]

[ 2015-01-30T11:03:56+08:00 ] 127.0.0.1 /index.php/Home/Index/index
INFO: [ app_begin ] --START--
INFO: Run Behavior\ReadHtmlCache [ RunTime:0.003552s ]
INFO: [ app_begin ] --END-- [ RunTime:0.009435s ]
INFO: [ app_end ] --START--
INFO: Run Behavior\ShowPageTrace [ RunTime:0.011670s ]
INFO: [ app_end ] --END-- [ RunTime:0.017385s ]

[ 2015-01-30T11:04:41+08:00 ] 127.0.0.1 /index.php/Home/Index/index
INFO: [ app_begin ] --START--
INFO: Run Behavior\ReadHtmlCache [ RunTime:0.003090s ]
INFO: [ app_begin ] --END-- [ RunTime:0.008931s ]
INFO: [ app_end ] --START--
INFO: Run Behavior\ShowPageTrace [ RunTime:0.003209s ]
INFO: [ app_end ] --END-- [ RunTime:0.008677s ]

[ 2015-01-30T11:07:33+08:00 ] 127.0.0.1 /index.php/Home/Index/index
INFO: [ app_begin ] --START--
INFO: Run Behavior\ReadHtmlCache [ RunTime:0.003384s ]
INFO: [ app_begin ] --END-- [ RunTime:0.008948s ]
INFO: [ app_end ] --START--
INFO: Run Behavior\ShowPageTrace [ RunTime:0.003383s ]
INFO: [ app_end ] --END-- [ RunTime:0.008591s ]

[ 2015-01-30T11:07:35+08:00 ] 127.0.0.1 /index.php/Home/Index/index
INFO: [ app_begin ] --START--
INFO: Run Behavior\ReadHtmlCache [ RunTime:0.003003s ]
INFO: [ app_begin ] --END-- [ RunTime:0.008435s ]
INFO: [ app_end ] --START--
INFO: Run Behavior\ShowPageTrace [ RunTime:0.003200s ]
INFO: [ app_end ] --END-- [ RunTime:0.008496s ]

[ 2015-01-30T11:07:37+08:00 ] 127.0.0.1 /index.php/Home/Index/index
INFO: [ app_begin ] --START--
INFO: Run Behavior\ReadHtmlCache [ RunTime:0.002897s ]
INFO: [ app_begin ] --END-- [ RunTime:0.008262s ]
INFO: [ app_end ] --START--
INFO: Run Behavior\ShowPageTrace [ RunTime:0.003094s ]
INFO: [ app_end ] --END-- [ RunTime:0.008377s ]

[ 2015-01-30T11:07:38+08:00 ] 127.0.0.1 /index.php/Home/Index/index
INFO: [ app_begin ] --START--
INFO: Run Behavior\ReadHtmlCache [ RunTime:0.007568s ]
INFO: [ app_begin ] --END-- [ RunTime:0.019794s ]
INFO: [ app_end ] --START--
INFO: Run Behavior\ShowPageTrace [ RunTime:0.017597s ]
INFO: [ app_end ] --END-- [ RunTime:0.030032s ]

[ 2015-01-30T11:07:39+08:00 ] 127.0.0.1 /index.php/Home/Index/index
INFO: [ app_begin ] --START--
INFO: Run Behavior\ReadHtmlCache [ RunTime:0.061695s ]
INFO: [ app_begin ] --END-- [ RunTime:0.083789s ]
INFO: [ app_end ] --START--
INFO: Run Behavior\ShowPageTrace [ RunTime:0.004062s ]
INFO: [ app_end ] --END-- [ RunTime:0.011926s ]

[ 2015-01-30T11:07:39+08:00 ] 127.0.0.1 /index.php/Home/Index/index
INFO: [ app_begin ] --START--
INFO: Run Behavior\ReadHtmlCache [ RunTime:0.013307s ]
INFO: [ app_begin ] --END-- [ RunTime:0.036579s ]
INFO: [ app_end ] --START--
INFO: Run Behavior\ShowPageTrace [ RunTime:0.003511s ]
INFO: [ app_end ] --END-- [ RunTime:0.108396s ]

[ 2015-01-30T11:07:40+08:00 ] 127.0.0.1 /index.php/Home/Index/index
INFO: [ app_begin ] --START--
INFO: Run Behavior\ReadHtmlCache [ RunTime:0.006362s ]
INFO: [ app_begin ] --END-- [ RunTime:0.021836s ]
INFO: [ app_end ] --START--
INFO: Run Behavior\ShowPageTrace [ RunTime:0.024197s ]
INFO: [ app_end ] --END-- [ RunTime:0.094527s ]

[ 2015-01-30T11:07:40+08:00 ] 127.0.0.1 /index.php/Home/Index/index
INFO: [ app_begin ] --START--
INFO: Run Behavior\ReadHtmlCache [ RunTime:0.005692s ]
INFO: [ app_begin ] --END-- [ RunTime:0.016142s ]
INFO: [ app_end ] --START--
INFO: Run Behavior\ShowPageTrace [ RunTime:0.015864s ]
INFO: [ app_end ] --END-- [ RunTime:0.064101s ]

[ 2015-01-30T11:07:40+08:00 ] 127.0.0.1 /index.php/Home/Index/index
INFO: [ app_begin ] --START--
INFO: Run Behavior\ReadHtmlCache [ RunTime:0.003713s ]
INFO: [ app_begin ] --END-- [ RunTime:0.048483s ]
INFO: [ app_end ] --START--
INFO: Run Behavior\ShowPageTrace [ RunTime:0.022699s ]
INFO: [ app_end ] --END-- [ RunTime:0.086563s ]

[ 2015-01-30T11:07:41+08:00 ] 127.0.0.1 /index.php/Home/Index/index
INFO: [ app_begin ] --START--
INFO: Run Behavior\ReadHtmlCache [ RunTime:0.021698s ]
INFO: [ app_begin ] --END-- [ RunTime:0.080639s ]
INFO: [ app_end ] --START--
INFO: Run Behavior\ShowPageTrace [ RunTime:0.028583s ]
INFO: [ app_end ] --END-- [ RunTime:0.070630s ]

[ 2015-01-30T11:07:41+08:00 ] 127.0.0.1 /index.php/Home/Index/index
INFO: [ app_begin ] --START--
INFO: Run Behavior\ReadHtmlCache [ RunTime:0.015992s ]
INFO: [ app_begin ] --END-- [ RunTime:0.047360s ]
INFO: [ app_end ] --START--
INFO: Run Behavior\ShowPageTrace [ RunTime:0.003125s ]
INFO: [ app_end ] --END-- [ RunTime:0.008492s ]

[ 2015-01-30T11:07:41+08:00 ] 127.0.0.1 /index.php/Home/Index/index
INFO: [ app_begin ] --START--
INFO: Run Behavior\ReadHtmlCache [ RunTime:0.020021s ]
INFO: [ app_begin ] --END-- [ RunTime:0.067597s ]
INFO: [ app_end ] --START--
INFO: Run Behavior\ShowPageTrace [ RunTime:0.003419s ]
INFO: [ app_end ] --END-- [ RunTime:0.008624s ]

[ 2015-01-30T11:07:41+08:00 ] 127.0.0.1 /index.php/Home/Index/index
INFO: [ app_begin ] --START--
INFO: Run Behavior\ReadHtmlCache [ RunTime:0.018920s ]
INFO: [ app_begin ] --END-- [ RunTime:0.059952s ]
INFO: [ app_end ] --START--
INFO: Run Behavior\ShowPageTrace [ RunTime:0.003927s ]
INFO: [ app_end ] --END-- [ RunTime:0.009443s ]

[ 2015-01-30T11:07:41+08:00 ] 127.0.0.1 /index.php/Home/Index/index
INFO: [ app_begin ] --START--
INFO: Run Behavior\ReadHtmlCache [ RunTime:0.024549s ]
INFO: [ app_begin ] --END-- [ RunTime:0.070264s ]
INFO: [ app_end ] --START--
INFO: Run Behavior\ShowPageTrace [ RunTime:0.003584s ]
INFO: [ app_end ] --END-- [ RunTime:0.008867s ]

[ 2015-01-30T11:07:41+08:00 ] 127.0.0.1 /index.php/Home/Index/index
INFO: [ app_begin ] --START--
INFO: Run Behavior\ReadHtmlCache [ RunTime:0.022132s ]
INFO: [ app_begin ] --END-- [ RunTime:0.058732s ]
INFO: [ app_end ] --START--
INFO: Run Behavior\ShowPageTrace [ RunTime:0.003766s ]
INFO: [ app_end ] --END-- [ RunTime:0.009108s ]

[ 2015-01-30T11:07:41+08:00 ] 127.0.0.1 /index.php/Home/Index/index
INFO: [ app_begin ] --START--
INFO: Run Behavior\ReadHtmlCache [ RunTime:0.018636s ]
INFO: [ app_begin ] --END-- [ RunTime:0.072744s ]
INFO: [ app_end ] --START--
INFO: Run Behavior\ShowPageTrace [ RunTime:0.003434s ]
INFO: [ app_end ] --END-- [ RunTime:0.008656s ]

[ 2015-01-30T11:07:41+08:00 ] 127.0.0.1 /index.php/Home/Index/index
INFO: [ app_begin ] --START--
INFO: Run Behavior\ReadHtmlCache [ RunTime:0.020534s ]
INFO: [ app_begin ] --END-- [ RunTime:0.057315s ]
INFO: [ app_end ] --START--
INFO: Run Behavior\ShowPageTrace [ RunTime:0.003344s ]
INFO: [ app_end ] --END-- [ RunTime:0.008497s ]

[ 2015-01-30T11:07:41+08:00 ] 127.0.0.1 /index.php/Home/Index/index
INFO: [ app_begin ] --START--
INFO: Run Behavior\ReadHtmlCache [ RunTime:0.034866s ]
INFO: [ app_begin ] --END-- [ RunTime:0.119619s ]
INFO: [ app_end ] --START--
INFO: Run Behavior\ShowPageTrace [ RunTime:0.003273s ]
INFO: [ app_end ] --END-- [ RunTime:0.008527s ]

[ 2015-01-30T11:07:41+08:00 ] 127.0.0.1 /index.php/Home/Index/index
INFO: [ app_begin ] --START--
INFO: Run Behavior\ReadHtmlCache [ RunTime:0.049328s ]
INFO: [ app_begin ] --END-- [ RunTime:0.152443s ]
INFO: [ app_end ] --START--
INFO: Run Behavior\ShowPageTrace [ RunTime:0.003285s ]
INFO: [ app_end ] --END-- [ RunTime:0.008421s ]

[ 2015-01-30T11:07:41+08:00 ] 127.0.0.1 /index.php/Home/Index/index
INFO: [ app_begin ] --START--
INFO: Run Behavior\ReadHtmlCache [ RunTime:0.058660s ]
INFO: [ app_begin ] --END-- [ RunTime:0.166360s ]
INFO: [ app_end ] --START--
INFO: Run Behavior\ShowPageTrace [ RunTime:0.004750s ]
INFO: [ app_end ] --END-- [ RunTime:0.012212s ]

[ 2015-01-30T11:07:41+08:00 ] 127.0.0.1 /index.php/Home/Index/index
INFO: [ app_begin ] --START--
INFO: Run Behavior\ReadHtmlCache [ RunTime:0.037970s ]
INFO: [ app_begin ] --END-- [ RunTime:0.125408s ]
INFO: [ app_end ] --START--
INFO: Run Behavior\ShowPageTrace [ RunTime:0.003324s ]
INFO: [ app_end ] --END-- [ RunTime:0.008409s ]

[ 2015-01-30T11:07:41+08:00 ] 127.0.0.1 /index.php/Home/Index/index
INFO: [ app_begin ] --START--
INFO: Run Behavior\ReadHtmlCache [ RunTime:0.034475s ]
INFO: [ app_begin ] --END-- [ RunTime:0.094366s ]
INFO: [ app_end ] --START--
INFO: Run Behavior\ShowPageTrace [ RunTime:0.004096s ]
INFO: [ app_end ] --END-- [ RunTime:0.009375s ]

[ 2015-01-30T11:07:41+08:00 ] 127.0.0.1 /index.php/Home/Index/index
INFO: [ app_begin ] --START--
INFO: Run Behavior\ReadHtmlCache [ RunTime:0.041047s ]
INFO: [ app_begin ] --END-- [ RunTime:0.123842s ]
INFO: [ app_end ] --START--
INFO: Run Behavior\ShowPageTrace [ RunTime:0.003458s ]
INFO: [ app_end ] --END-- [ RunTime:0.009286s ]

[ 2015-01-30T11:07:41+08:00 ] 127.0.0.1 /index.php/Home/Index/index
INFO: [ app_begin ] --START--
INFO: Run Behavior\ReadHtmlCache [ RunTime:0.033449s ]
INFO: [ app_begin ] --END-- [ RunTime:0.131439s ]
INFO: [ app_end ] --START--
INFO: Run Behavior\ShowPageTrace [ RunTime:0.003663s ]
INFO: [ app_end ] --END-- [ RunTime:0.008864s ]

[ 2015-01-30T11:07:41+08:00 ] 127.0.0.1 /index.php/Home/Index/index
INFO: [ app_begin ] --START--
INFO: Run Behavior\ReadHtmlCache [ RunTime:0.012342s ]
INFO: [ app_begin ] --END-- [ RunTime:0.055242s ]
INFO: [ app_end ] --START--
INFO: Run Behavior\ShowPageTrace [ RunTime:0.003764s ]
INFO: [ app_end ] --END-- [ RunTime:0.009091s ]

[ 2015-01-30T11:07:41+08:00 ] 127.0.0.1 /index.php/Home/Index/index
INFO: [ app_begin ] --START--
INFO: Run Behavior\ReadHtmlCache [ RunTime:0.017043s ]
INFO: [ app_begin ] --END-- [ RunTime:0.049305s ]
INFO: [ app_end ] --START--
INFO: Run Behavior\ShowPageTrace [ RunTime:0.003843s ]
INFO: [ app_end ] --END-- [ RunTime:0.009083s ]

[ 2015-01-30T11:07:41+08:00 ] 127.0.0.1 /index.php/Home/Index/index
INFO: [ app_begin ] --START--
INFO: Run Behavior\ReadHtmlCache [ RunTime:0.017559s ]
INFO: [ app_begin ] --END-- [ RunTime:0.053319s ]
INFO: [ app_end ] --START--
INFO: Run Behavior\ShowPageTrace [ RunTime:0.003545s ]
INFO: [ app_end ] --END-- [ RunTime:0.008721s ]

[ 2015-01-30T11:07:41+08:00 ] 127.0.0.1 /index.php/Home/Index/index
INFO: [ app_begin ] --START--
INFO: Run Behavior\ReadHtmlCache [ RunTime:0.021320s ]
INFO: [ app_begin ] --END-- [ RunTime:0.066281s ]
INFO: [ app_end ] --START--
INFO: Run Behavior\ShowPageTrace [ RunTime:0.003901s ]
INFO: [ app_end ] --END-- [ RunTime:0.009142s ]

[ 2015-01-30T11:07:41+08:00 ] 127.0.0.1 /index.php/Home/Index/index
INFO: [ app_begin ] --START--
INFO: Run Behavior\ReadHtmlCache [ RunTime:0.015024s ]
INFO: [ app_begin ] --END-- [ RunTime:0.041372s ]
INFO: [ app_end ] --START--
INFO: Run Behavior\ShowPageTrace [ RunTime:0.004201s ]
INFO: [ app_end ] --END-- [ RunTime:0.009343s ]

[ 2015-01-30T11:07:41+08:00 ] 127.0.0.1 /index.php/Home/Index/index
INFO: [ app_begin ] --START--
INFO: Run Behavior\ReadHtmlCache [ RunTime:0.015959s ]
INFO: [ app_begin ] --END-- [ RunTime:0.049530s ]
INFO: [ app_end ] --START--
INFO: Run Behavior\ShowPageTrace [ RunTime:0.003364s ]
INFO: [ app_end ] --END-- [ RunTime:0.008619s ]

[ 2015-01-30T11:07:42+08:00 ] 127.0.0.1 /index.php/Home/Index/index
INFO: [ app_begin ] --START--
INFO: Run Behavior\ReadHtmlCache [ RunTime:0.016431s ]
INFO: [ app_begin ] --END-- [ RunTime:0.048144s ]
INFO: [ app_end ] --START--
INFO: Run Behavior\ShowPageTrace [ RunTime:0.003294s ]
INFO: [ app_end ] --END-- [ RunTime:0.008353s ]

[ 2015-01-30T11:07:42+08:00 ] 127.0.0.1 /index.php/Home/Index/index
INFO: [ app_begin ] --START--
INFO: Run Behavior\ReadHtmlCache [ RunTime:0.016169s ]
INFO: [ app_begin ] --END-- [ RunTime:0.052074s ]
INFO: [ app_end ] --START--
INFO: Run Behavior\ShowPageTrace [ RunTime:0.003449s ]
INFO: [ app_end ] --END-- [ RunTime:0.008575s ]

[ 2015-01-30T11:07:42+08:00 ] 127.0.0.1 /index.php/Home/Index/index
INFO: [ app_begin ] --START--
INFO: Run Behavior\ReadHtmlCache [ RunTime:0.013154s ]
INFO: [ app_begin ] --END-- [ RunTime:0.052941s ]
INFO: [ app_end ] --START--
INFO: Run Behavior\ShowPageTrace [ RunTime:0.003427s ]
INFO: [ app_end ] --END-- [ RunTime:0.008558s ]

[ 2015-01-30T11:07:42+08:00 ] 127.0.0.1 /index.php/Home/Index/index
INFO: [ app_begin ] --START--
INFO: Run Behavior\ReadHtmlCache [ RunTime:0.016183s ]
INFO: [ app_begin ] --END-- [ RunTime:0.053111s ]
INFO: [ app_end ] --START--
INFO: Run Behavior\ShowPageTrace [ RunTime:0.006024s ]
INFO: [ app_end ] --END-- [ RunTime:0.014269s ]

[ 2015-01-30T11:07:42+08:00 ] 127.0.0.1 /index.php/Home/Index/index
INFO: [ app_begin ] --START--
INFO: Run Behavior\ReadHtmlCache [ RunTime:0.017491s ]
INFO: [ app_begin ] --END-- [ RunTime:0.045441s ]
INFO: [ app_end ] --START--
INFO: Run Behavior\ShowPageTrace [ RunTime:0.005509s ]
INFO: [ app_end ] --END-- [ RunTime:0.014518s ]

[ 2015-01-30T11:10:56+08:00 ] 127.0.0.1 /index.php/Home/Index/index
INFO: [ app_begin ] --START--
INFO: Run Behavior\ReadHtmlCache [ RunTime:0.003273s ]
INFO: [ app_begin ] --END-- [ RunTime:0.009435s ]
INFO: [ app_end ] --START--
INFO: Run Behavior\ShowPageTrace [ RunTime:0.012388s ]
INFO: [ app_end ] --END-- [ RunTime:0.028103s ]

[ 2015-01-30T11:12:00+08:00 ] 127.0.0.1 /index.php/Home/Index/index
INFO: [ app_begin ] --START--
INFO: Run Behavior\ReadHtmlCache [ RunTime:0.002854s ]
INFO: [ app_begin ] --END-- [ RunTime:0.008143s ]
INFO: [ app_end ] --START--
INFO: Run Behavior\ShowPageTrace [ RunTime:0.005502s ]
INFO: [ app_end ] --END-- [ RunTime:0.012193s ]

[ 2015-01-30T11:12:03+08:00 ] 127.0.0.1 /index.php/Home/Index/index
INFO: [ app_begin ] --START--
INFO: Run Behavior\ReadHtmlCache [ RunTime:0.003083s ]
INFO: [ app_begin ] --END-- [ RunTime:0.009253s ]
INFO: [ app_end ] --START--
INFO: Run Behavior\ShowPageTrace [ RunTime:0.003237s ]
INFO: [ app_end ] --END-- [ RunTime:0.008567s ]

[ 2015-01-30T11:12:27+08:00 ] 127.0.0.1 /index.php/Home/Index/index
INFO: [ app_begin ] --START--
INFO: Run Behavior\ReadHtmlCache [ RunTime:0.002849s ]
INFO: [ app_begin ] --END-- [ RunTime:0.008172s ]
INFO: [ app_end ] --START--
INFO: Run Behavior\ShowPageTrace [ RunTime:0.009549s ]
INFO: [ app_end ] --END-- [ RunTime:0.025431s ]

[ 2015-01-30T11:12:50+08:00 ] 127.0.0.1 /index.php/Home/Index/index
INFO: [ app_begin ] --START--
INFO: Run Behavior\ReadHtmlCache [ RunTime:0.003365s ]
INFO: [ app_begin ] --END-- [ RunTime:0.008825s ]
INFO: [ app_end ] --START--
INFO: Run Behavior\ShowPageTrace [ RunTime:0.007027s ]
INFO: [ app_end ] --END-- [ RunTime:0.019395s ]

[ 2015-01-30T11:13:21+08:00 ] 127.0.0.1 /index.php/Home/Index/index
INFO: [ app_begin ] --START--
INFO: Run Behavior\ReadHtmlCache [ RunTime:0.003384s ]
INFO: [ app_begin ] --END-- [ RunTime:0.008883s ]
INFO: [ app_end ] --START--
INFO: Run Behavior\ShowPageTrace [ RunTime:0.008274s ]
INFO: [ app_end ] --END-- [ RunTime:0.020886s ]

[ 2015-01-30T11:16:58+08:00 ] 127.0.0.1 /index.php/Home/Index/index
INFO: [ app_begin ] --START--
INFO: Run Behavior\ReadHtmlCache [ RunTime:0.003373s ]
INFO: [ app_begin ] --END-- [ RunTime:0.009485s ]
INFO: [ app_end ] --START--
INFO: Run Behavior\ShowPageTrace [ RunTime:0.006929s ]
INFO: [ app_end ] --END-- [ RunTime:0.017064s ]

[ 2015-01-30T11:25:12+08:00 ] 127.0.0.1 /index.php/Home/Index/index
INFO: [ app_begin ] --START--
INFO: Run Behavior\ReadHtmlCache [ RunTime:0.003265s ]
INFO: [ app_begin ] --END-- [ RunTime:0.008778s ]
INFO: [ app_end ] --START--
INFO: Run Behavior\ShowPageTrace [ RunTime:0.005435s ]
INFO: [ app_end ] --END-- [ RunTime:0.013889s ]

[ 2015-01-30T11:28:07+08:00 ] 127.0.0.1 /index.php/Home/Index/index
INFO: [ app_begin ] --START--
INFO: Run Behavior\ReadHtmlCache [ RunTime:0.003494s ]
INFO: [ app_begin ] --END-- [ RunTime:0.009210s ]

[ 2015-01-30T11:28:22+08:00 ] 127.0.0.1 /index.php/Home/Index/index
INFO: [ app_begin ] --START--
INFO: Run Behavior\ReadHtmlCache [ RunTime:0.002852s ]
INFO: [ app_begin ] --END-- [ RunTime:0.008147s ]

[ 2015-01-30T11:33:12+08:00 ] 127.0.0.1 /index.php/Home/Index/index
INFO: [ app_begin ] --START--
INFO: Run Behavior\ReadHtmlCache [ RunTime:0.003554s ]
INFO: [ app_begin ] --END-- [ RunTime:0.009092s ]

[ 2015-01-30T11:33:18+08:00 ] 127.0.0.1 /index.php/Home/Index/index
INFO: [ app_begin ] --START--
INFO: Run Behavior\ReadHtmlCache [ RunTime:0.003217s ]
INFO: [ app_begin ] --END-- [ RunTime:0.009056s ]

[ 2015-01-30T11:35:26+08:00 ] 127.0.0.1 /index.php/Home/Index/index
INFO: [ app_begin ] --START--
INFO: Run Behavior\ReadHtmlCache [ RunTime:0.003292s ]
INFO: [ app_begin ] --END-- [ RunTime:0.009035s ]

[ 2015-01-30T11:35:35+08:00 ] 127.0.0.1 /index.php/Home/Index/index
INFO: [ app_begin ] --START--
INFO: Run Behavior\ReadHtmlCache [ RunTime:0.004054s ]
INFO: [ app_begin ] --END-- [ RunTime:0.013884s ]

[ 2015-01-30T11:37:31+08:00 ] 127.0.0.1 /index.php/Home/Index/index
INFO: [ app_begin ] --START--
INFO: Run Behavior\ReadHtmlCache [ RunTime:0.003228s ]
INFO: [ app_begin ] --END-- [ RunTime:0.008603s ]

[ 2015-01-30T11:40:39+08:00 ] 127.0.0.1 /index.php/Home/Index/index
INFO: [ app_begin ] --START--
INFO: Run Behavior\ReadHtmlCache [ RunTime:0.003417s ]
INFO: [ app_begin ] --END-- [ RunTime:0.009594s ]

[ 2015-01-30T11:45:38+08:00 ] 127.0.0.1 /index.php/Home/Index/index
INFO: [ app_begin ] --START--
INFO: Run Behavior\ReadHtmlCache [ RunTime:0.003241s ]
INFO: [ app_begin ] --END-- [ RunTime:0.008658s ]
INFO: [ app_end ] --START--
INFO: Run Behavior\ShowPageTrace [ RunTime:0.010011s ]
INFO: [ app_end ] --END-- [ RunTime:0.025867s ]

[ 2015-01-30T11:49:27+08:00 ] 127.0.0.1 /index.php/Home/Index/index
INFO: [ app_begin ] --START--
INFO: Run Behavior\ReadHtmlCache [ RunTime:0.003338s ]
INFO: [ app_begin ] --END-- [ RunTime:0.009163s ]
INFO: [ app_end ] --START--
INFO: Run Behavior\ShowPageTrace [ RunTime:0.010615s ]
INFO: [ app_end ] --END-- [ RunTime:0.029978s ]

[ 2015-01-30T12:20:34+08:00 ] 127.0.0.1 /index.php/Home/Index/index
INFO: [ app_begin ] --START--
INFO: Run Behavior\ReadHtmlCache [ RunTime:0.003228s ]
INFO: [ app_begin ] --END-- [ RunTime:0.008614s ]
INFO: [ app_end ] --START--
INFO: Run Behavior\ShowPageTrace [ RunTime:0.012558s ]
INFO: [ app_end ] --END-- [ RunTime:0.028552s ]

[ 2015-01-30T12:28:21+08:00 ] 127.0.0.1 /index.php/Home/Index/ajaxChkLogin
INFO: [ app_begin ] --START--
INFO: Run Behavior\ReadHtmlCache [ RunTime:0.003899s ]
INFO: [ app_begin ] --END-- [ RunTime:0.008840s ]
ERR: 非法操作:ajaxchklogin

[ 2015-01-30T12:33:56+08:00 ] 127.0.0.1 /index.php/Home/Index/regist
INFO: [ app_begin ] --START--
INFO: Run Behavior\ReadHtmlCache [ RunTime:0.002696s ]
INFO: [ app_begin ] --END-- [ RunTime:0.008341s ]

[ 2015-01-30T12:33:56+08:00 ] 127.0.0.1 /index.php/Home/Index/regist
INFO: [ app_begin ] --START--
INFO: Run Behavior\ReadHtmlCache [ RunTime:0.002837s ]
INFO: [ app_begin ] --END-- [ RunTime:0.016753s ]

[ 2015-01-30T12:40:52+08:00 ] 127.0.0.1 /index.php/Home/Index/regist
INFO: [ app_begin ] --START--
INFO: Run Behavior\ReadHtmlCache [ RunTime:0.003007s ]
INFO: [ app_begin ] --END-- [ RunTime:0.008772s ]

[ 2015-01-30T12:40:53+08:00 ] 127.0.0.1 /index.php/Home/Index/regist
INFO: [ app_begin ] --START--
INFO: Run Behavior\ReadHtmlCache [ RunTime:0.003201s ]
INFO: [ app_begin ] --END-- [ RunTime:0.009620s ]

[ 2015-01-30T12:40:53+08:00 ] 127.0.0.1 /index.php/Home/Index/regist
INFO: [ app_begin ] --START--
INFO: Run Behavior\ReadHtmlCache [ RunTime:0.002962s ]
INFO: [ app_begin ] --END-- [ RunTime:0.010005s ]

[ 2015-01-30T12:41:51+08:00 ] 127.0.0.1 /index.php/Home/Index/regist
INFO: [ app_begin ] --START--
INFO: Run Behavior\ReadHtmlCache [ RunTime:0.003219s ]
INFO: [ app_begin ] --END-- [ RunTime:0.008954s ]
INFO: [ view_parse ] --START--
INFO: [ template_filter ] --START--
INFO: Run Behavior\ContentReplace [ RunTime:0.002506s ]
INFO: [ template_filter ] --END-- [ RunTime:0.008844s ]
INFO: Run Behavior\ParseTemplate [ RunTime:0.317311s ]
INFO: [ view_parse ] --END-- [ RunTime:0.327396s ]
INFO: [ view_filter ] --START--
INFO: Run Behavior\WriteHtmlCache [ RunTime:0.016504s ]
INFO: [ view_filter ] --END-- [ RunTime:0.025436s ]
INFO: [ app_end ] --START--
INFO: Run Behavior\ShowPageTrace [ RunTime:0.003473s ]
INFO: [ app_end ] --END-- [ RunTime:0.009205s ]

[ 2015-01-30T12:41:51+08:00 ] 127.0.0.1 /index.php/Home/Index/ajaxChkLogin
INFO: [ app_begin ] --START--
INFO: Run Behavior\ReadHtmlCache [ RunTime:0.002891s ]
INFO: [ app_begin ] --END-- [ RunTime:0.007319s ]
ERR: 非法操作:ajaxchklogin

[ 2015-01-30T12:41:53+08:00 ] 127.0.0.1 /index.php/Home/Index/index
INFO: [ app_begin ] --START--
INFO: Run Behavior\ReadHtmlCache [ RunTime:0.002839s ]
INFO: [ app_begin ] --END-- [ RunTime:0.008036s ]
INFO: [ app_end ] --START--
INFO: Run Behavior\ShowPageTrace [ RunTime:0.007780s ]
INFO: [ app_end ] --END-- [ RunTime:0.020285s ]

[ 2015-01-30T12:41:55+08:00 ] 127.0.0.1 /index.php/Home/Index/ajaxChkLogin
INFO: [ app_begin ] --START--
INFO: Run Behavior\ReadHtmlCache [ RunTime:0.004667s ]
INFO: [ app_begin ] --END-- [ RunTime:0.010842s ]
ERR: 非法操作:ajaxchklogin

[ 2015-01-30T12:48:33+08:00 ] 127.0.0.1 /index.php/Home/Index/regist
INFO: [ app_begin ] --START--
INFO: Run Behavior\ReadHtmlCache [ RunTime:0.002943s ]
INFO: [ app_begin ] --END-- [ RunTime:0.008326s ]

[ 2015-01-30T12:48:33+08:00 ] 127.0.0.1 /index.php/Home/Index/regist
INFO: [ app_begin ] --START--
INFO: Run Behavior\ReadHtmlCache [ RunTime:0.003239s ]
INFO: [ app_begin ] --END-- [ RunTime:0.010243s ]

[ 2015-01-30T12:48:33+08:00 ] 127.0.0.1 /index.php/Home/Index/regist
INFO: [ app_begin ] --START--
INFO: Run Behavior\ReadHtmlCache [ RunTime:0.003056s ]
INFO: [ app_begin ] --END-- [ RunTime:0.009325s ]

[ 2015-01-30T14:05:33+08:00 ] 127.0.0.1 /index.php/Home/Index/regist
INFO: [ app_begin ] --START--
INFO: Run Behavior\ReadHtmlCache [ RunTime:0.002812s ]
INFO: [ app_begin ] --END-- [ RunTime:0.008327s ]
SQL: SHOW COLUMNS FROM `php28_member` [ RunTime:0.223241s ]

[ 2015-01-30T14:06:13+08:00 ] 127.0.0.1 /index.php/Home/Index/regist
INFO: [ app_begin ] --START--
INFO: Run Behavior\ReadHtmlCache [ RunTime:0.002840s ]
INFO: [ app_begin ] --END-- [ RunTime:0.008296s ]
SQL: SHOW COLUMNS FROM `php28_member` [ RunTime:0.053378s ]

[ 2015-01-30T14:07:08+08:00 ] 127.0.0.1 /index.php/Home/Index/regist
INFO: [ app_begin ] --START--
INFO: Run Behavior\ReadHtmlCache [ RunTime:0.002732s ]
INFO: [ app_begin ] --END-- [ RunTime:0.008366s ]
SQL: SHOW COLUMNS FROM `php28_member` [ RunTime:0.006413s ]

[ 2015-01-30T14:07:31+08:00 ] 127.0.0.1 /index.php/Home/Index/regist
INFO: [ app_begin ] --START--
INFO: Run Behavior\ReadHtmlCache [ RunTime:0.002985s ]
INFO: [ app_begin ] --END-- [ RunTime:0.009420s ]
SQL: SHOW COLUMNS FROM `php28_member` [ RunTime:0.006790s ]

[ 2015-01-30T14:08:21+08:00 ] 127.0.0.1 /index.php/Home/Index/regist
INFO: [ app_begin ] --START--
INFO: Run Behavior\ReadHtmlCache [ RunTime:0.002880s ]
INFO: [ app_begin ] --END-- [ RunTime:0.008730s ]
SQL: SHOW COLUMNS FROM `php28_member` [ RunTime:0.025449s ]

[ 2015-01-30T14:09:16+08:00 ] 127.0.0.1 /index.php/Home/Index/regist
INFO: [ app_begin ] --START--
INFO: Run Behavior\ReadHtmlCache [ RunTime:0.005382s ]
INFO: [ app_begin ] --END-- [ RunTime:0.013098s ]
SQL: SHOW COLUMNS FROM `php28_member` [ RunTime:0.006619s ]

[ 2015-01-30T14:10:16+08:00 ] 127.0.0.1 /index.php/Home/Index/regist
INFO: [ app_begin ] --START--
INFO: Run Behavior\ReadHtmlCache [ RunTime:0.002524s ]
INFO: [ app_begin ] --END-- [ RunTime:0.007722s ]
SQL: SHOW COLUMNS FROM `php28_member` [ RunTime:0.006299s ]

[ 2015-01-30T14:10:19+08:00 ] 127.0.0.1 /index.php/Home/Index/regist
INFO: [ app_begin ] --START--
INFO: Run Behavior\ReadHtmlCache [ RunTime:0.002758s ]
INFO: [ app_begin ] --END-- [ RunTime:0.008368s ]
SQL: SHOW COLUMNS FROM `php28_member` [ RunTime:0.023005s ]

[ 2015-01-30T14:11:30+08:00 ] 127.0.0.1 /index.php/Home/Index/regist
INFO: [ app_begin ] --START--
INFO: Run Behavior\ReadHtmlCache [ RunTime:0.004677s ]
INFO: [ app_begin ] --END-- [ RunTime:0.011839s ]
SQL: SHOW COLUMNS FROM `php28_member` [ RunTime:0.006226s ]

[ 2015-01-30T14:11:37+08:00 ] 127.0.0.1 /index.php/Home/Index/regist
INFO: [ app_begin ] --START--
INFO: Run Behavior\ReadHtmlCache [ RunTime:0.002588s ]
INFO: [ app_begin ] --END-- [ RunTime:0.007829s ]
SQL: SHOW COLUMNS FROM `php28_member` [ RunTime:0.007000s ]

[ 2015-01-30T14:11:40+08:00 ] 127.0.0.1 /index.php/Home/Index/regist
INFO: [ app_begin ] --START--
INFO: Run Behavior\ReadHtmlCache [ RunTime:0.002656s ]
INFO: [ app_begin ] --END-- [ RunTime:0.008066s ]
SQL: SHOW COLUMNS FROM `php28_member` [ RunTime:0.009643s ]

[ 2015-01-30T14:12:01+08:00 ] 127.0.0.1 /index.php/Home/Index/regist
INFO: [ app_begin ] --START--
INFO: Run Behavior\ReadHtmlCache [ RunTime:0.003304s ]
INFO: [ app_begin ] --END-- [ RunTime:0.009594s ]
SQL: SHOW COLUMNS FROM `php28_member` [ RunTime:0.007117s ]
SQL: INSERT INTO `php28_member` (`username`,`email`,`password`) VALUES ('song','s_p_teng@sina.com','song') [ RunTime:0.167319s ]
INFO: [ view_parse ] --START--
INFO: [ template_filter ] --START--
INFO: Run Behavior\ContentReplace [ RunTime:0.001983s ]
INFO: [ template_filter ] --END-- [ RunTime:0.010321s ]
INFO: Run Behavior\ParseTemplate [ RunTime:0.108870s ]
INFO: [ view_parse ] --END-- [ RunTime:0.116299s ]
INFO: [ view_filter ] --START--
INFO: Run Behavior\WriteHtmlCache [ RunTime:0.003356s ]
INFO: [ view_filter ] --END-- [ RunTime:0.008945s ]
INFO: [ app_end ] --START--
INFO: Run Behavior\ShowPageTrace [ RunTime:0.003333s ]
INFO: [ app_end ] --END-- [ RunTime:0.008460s ]

[ 2015-01-30T14:12:02+08:00 ] 127.0.0.1 /index.php/Home/Index/ajaxChkLogin
INFO: [ app_begin ] --START--
INFO: Run Behavior\ReadHtmlCache [ RunTime:0.003208s ]
INFO: [ app_begin ] --END-- [ RunTime:0.007751s ]
ERR: 非法操作:ajaxchklogin

[ 2015-01-30T14:12:23+08:00 ] 127.0.0.1 /index.php/Home/Index/regist
INFO: [ app_begin ] --START--
INFO: Run Behavior\ReadHtmlCache [ RunTime:0.002409s ]
INFO: [ app_begin ] --END-- [ RunTime:0.007669s ]
SQL: SHOW COLUMNS FROM `php28_member` [ RunTime:0.006924s ]
SQL: INSERT INTO `php28_member` (`username`,`email`,`password`) VALUES ('song','s_p_teng@sina.com','song') [ RunTime:0.001425s ]
INFO: [ view_parse ] --START--
INFO: [ template_filter ] --START--
INFO: Run Behavior\ContentReplace [ RunTime:0.001974s ]
INFO: [ template_filter ] --END-- [ RunTime:0.007260s ]
INFO: Run Behavior\ParseTemplate [ RunTime:0.069346s ]
INFO: [ view_parse ] --END-- [ RunTime:0.074835s ]
INFO: [ view_filter ] --START--
INFO: Run Behavior\WriteHtmlCache [ RunTime:0.003377s ]
INFO: [ view_filter ] --END-- [ RunTime:0.008550s ]
INFO: [ app_end ] --START--
INFO: Run Behavior\ShowPageTrace [ RunTime:0.003761s ]
INFO: [ app_end ] --END-- [ RunTime:0.009351s ]

[ 2015-01-30T14:12:23+08:00 ] 127.0.0.1 /index.php/Home/Index/ajaxChkLogin
INFO: [ app_begin ] --START--
INFO: Run Behavior\ReadHtmlCache [ RunTime:0.004277s ]
INFO: [ app_begin ] --END-- [ RunTime:0.008920s ]
ERR: 非法操作:ajaxchklogin

[ 2015-01-30T14:19:44+08:00 ] 127.0.0.1 /index.php/Home/Index/regist
INFO: [ app_begin ] --START--
INFO: Run Behavior\ReadHtmlCache [ RunTime:0.002857s ]
INFO: [ app_begin ] --END-- [ RunTime:0.008293s ]
SQL: SHOW COLUMNS FROM `php28_member` [ RunTime:0.007368s ]
SQL: INSERT INTO `php28_member` (`username`,`email`,`password`) VALUES ('123','','') [ RunTime:0.001686s ]
INFO: [ view_parse ] --START--
INFO: [ template_filter ] --START--
INFO: Run Behavior\ContentReplace [ RunTime:0.001882s ]
INFO: [ template_filter ] --END-- [ RunTime:0.007054s ]
INFO: Run Behavior\ParseTemplate [ RunTime:0.112542s ]
INFO: [ view_parse ] --END-- [ RunTime:0.117704s ]
INFO: [ view_filter ] --START--
INFO: Run Behavior\WriteHtmlCache [ RunTime:0.021701s ]
INFO: [ view_filter ] --END-- [ RunTime:0.026919s ]
INFO: [ app_end ] --START--
INFO: Run Behavior\ShowPageTrace [ RunTime:0.003579s ]
INFO: [ app_end ] --END-- [ RunTime:0.009103s ]

[ 2015-01-30T14:19:44+08:00 ] 127.0.0.1 /index.php/Home/Index/ajaxChkLogin
INFO: [ app_begin ] --START--
INFO: Run Behavior\ReadHtmlCache [ RunTime:0.002851s ]
INFO: [ app_begin ] --END-- [ RunTime:0.007329s ]
ERR: 非法操作:ajaxchklogin

[ 2015-01-30T14:23:32+08:00 ] 127.0.0.1 /index.php/Home/Index/regist
INFO: [ app_begin ] --START--
INFO: Run Behavior\ReadHtmlCache [ RunTime:0.002759s ]
INFO: [ app_begin ] --END-- [ RunTime:0.008203s ]
SQL: SHOW COLUMNS FROM `php28_member` [ RunTime:0.007458s ]
SQL: INSERT INTO `php28_member` (`username`,`email`,`password`) VALUES ('soong','','') [ RunTime:0.001507s ]
INFO: [ view_parse ] --START--
INFO: [ template_filter ] --START--
INFO: Run Behavior\ContentReplace [ RunTime:0.001873s ]
INFO: [ template_filter ] --END-- [ RunTime:0.006996s ]
INFO: Run Behavior\ParseTemplate [ RunTime:0.060056s ]
INFO: [ view_parse ] --END-- [ RunTime:0.065217s ]
INFO: [ view_filter ] --START--
INFO: Run Behavior\WriteHtmlCache [ RunTime:0.002954s ]
INFO: [ view_filter ] --END-- [ RunTime:0.008102s ]
INFO: [ app_end ] --START--
INFO: Run Behavior\ShowPageTrace [ RunTime:0.003290s ]
INFO: [ app_end ] --END-- [ RunTime:0.008366s ]

[ 2015-01-30T14:23:32+08:00 ] 127.0.0.1 /index.php/Home/Index/ajaxChkLogin
INFO: [ app_begin ] --START--
INFO: Run Behavior\ReadHtmlCache [ RunTime:0.002832s ]
INFO: [ app_begin ] --END-- [ RunTime:0.007265s ]
ERR: 非法操作:ajaxchklogin

[ 2015-01-30T14:27:12+08:00 ] 127.0.0.1 /index.php/Home/Index/regist
INFO: [ app_begin ] --START--
INFO: Run Behavior\ReadHtmlCache [ RunTime:0.002926s ]
INFO: [ app_begin ] --END-- [ RunTime:0.008654s ]
SQL: SHOW COLUMNS FROM `php28_member` [ RunTime:0.006008s ]
SQL: INSERT INTO `php28_member` (`username`,`email`,`password`) VALUES ('','','') [ RunTime:0.001458s ]
INFO: [ view_parse ] --START--
INFO: [ template_filter ] --START--
INFO: Run Behavior\ContentReplace [ RunTime:0.001914s ]
INFO: [ template_filter ] --END-- [ RunTime:0.007215s ]
INFO: Run Behavior\ParseTemplate [ RunTime:0.109539s ]
INFO: [ view_parse ] --END-- [ RunTime:0.114916s ]
INFO: [ view_filter ] --START--
INFO: Run Behavior\WriteHtmlCache [ RunTime:0.003214s ]
INFO: [ view_filter ] --END-- [ RunTime:0.008929s ]
INFO: [ app_end ] --START--
INFO: Run Behavior\ShowPageTrace [ RunTime:0.003507s ]
INFO: [ app_end ] --END-- [ RunTime:0.008730s ]

[ 2015-01-30T14:27:12+08:00 ] 127.0.0.1 /index.php/Home/Index/ajaxChkLogin
INFO: [ app_begin ] --START--
INFO: Run Behavior\ReadHtmlCache [ RunTime:0.002902s ]
INFO: [ app_begin ] --END-- [ RunTime:0.007799s ]
ERR: 非法操作:ajaxchklogin

[ 2015-01-30T14:28:07+08:00 ] 127.0.0.1 /index.php/Home/Index/regist
INFO: [ app_begin ] --START--
INFO: Run Behavior\ReadHtmlCache [ RunTime:0.002528s ]
INFO: [ app_begin ] --END-- [ RunTime:0.007860s ]
SQL: SHOW COLUMNS FROM `php28_member` [ RunTime:0.006583s ]

[ 2015-01-30T14:28:27+08:00 ] 127.0.0.1 /index.php/Home/Index/ajaxChkLogin
INFO: [ app_begin ] --START--
INFO: Run Behavior\ReadHtmlCache [ RunTime:0.002970s ]
INFO: [ app_begin ] --END-- [ RunTime:0.007497s ]
ERR: 非法操作:ajaxchklogin

[ 2015-01-30T14:28:35+08:00 ] 127.0.0.1 /index.php/Home/Index/regist
INFO: [ app_begin ] --START--
INFO: Run Behavior\ReadHtmlCache [ RunTime:0.002989s ]
INFO: [ app_begin ] --END-- [ RunTime:0.008325s ]
SQL: SHOW COLUMNS FROM `php28_member` [ RunTime:0.006045s ]
SQL: INSERT INTO `php28_member` (`username`,`email`,`password`,`email_code`,`email_time`) VALUES ('song ','s_p_teng@sina.com','683eb609607a439b0561dcbb4c8329e8','54cb24914acdc',1422599313) [ RunTime:0.001548s ]
INFO: [ view_parse ] --START--
INFO: [ template_filter ] --START--
INFO: Run Behavior\ContentReplace [ RunTime:0.001866s ]
INFO: [ template_filter ] --END-- [ RunTime:0.006994s ]
INFO: Run Behavior\ParseTemplate [ RunTime:0.074963s ]
INFO: [ view_parse ] --END-- [ RunTime:0.084787s ]
INFO: [ view_filter ] --START--
INFO: Run Behavior\WriteHtmlCache [ RunTime:0.002815s ]
INFO: [ view_filter ] --END-- [ RunTime:0.007950s ]
INFO: [ app_end ] --START--
INFO: Run Behavior\ShowPageTrace [ RunTime:0.004063s ]
INFO: [ app_end ] --END-- [ RunTime:0.012954s ]

[ 2015-01-30T14:28:36+08:00 ] 127.0.0.1 /index.php/Home/Index/ajaxChkLogin
INFO: [ app_begin ] --START--
INFO: Run Behavior\ReadHtmlCache [ RunTime:0.003530s ]
INFO: [ app_begin ] --END-- [ RunTime:0.008136s ]
ERR: 非法操作:ajaxchklogin

[ 2015-01-30T14:32:00+08:00 ] 127.0.0.1 /index.php/Home/Index/checkCode/code/54cb24914acdc
INFO: [ app_begin ] --START--
INFO: Run Behavior\ReadHtmlCache [ RunTime:0.004467s ]
INFO: [ app_begin ] --END-- [ RunTime:0.010070s ]

[ 2015-01-30T18:36:07+08:00 ] 127.0.0.1 /index.php/Home/Index/regist
INFO: [ app_begin ] --START--
INFO: Run Behavior\ReadHtmlCache [ RunTime:0.010041s ]
INFO: [ app_begin ] --END-- [ RunTime:0.034992s ]
INFO: [ view_parse ] --START--
INFO: [ template_filter ] --START--
INFO: Run Behavior\ContentReplace [ RunTime:0.002109s ]
INFO: [ template_filter ] --END-- [ RunTime:0.007623s ]
INFO: Run Behavior\ParseTemplate [ RunTime:0.766386s ]
INFO: [ view_parse ] --END-- [ RunTime:0.794787s ]
INFO: [ view_filter ] --START--
INFO: Run Behavior\WriteHtmlCache [ RunTime:0.015892s ]
INFO: [ view_filter ] --END-- [ RunTime:0.025620s ]
INFO: [ app_end ] --START--
INFO: Run Behavior\ShowPageTrace [ RunTime:0.027465s ]
INFO: [ app_end ] --END-- [ RunTime:0.034629s ]

[ 2015-01-30T18:36:08+08:00 ] 127.0.0.1 /index.php/Home/Index/ajaxChkLogin
INFO: [ app_begin ] --START--
INFO: Run Behavior\ReadHtmlCache [ RunTime:0.003081s ]
INFO: [ app_begin ] --END-- [ RunTime:0.007782s ]
ERR: 非法操作:ajaxchklogin

[ 2015-01-30T18:36:32+08:00 ] 127.0.0.1 /index.php/Home/Index/regist
INFO: [ app_begin ] --START--
INFO: Run Behavior\ReadHtmlCache [ RunTime:0.002538s ]
INFO: [ app_begin ] --END-- [ RunTime:0.007798s ]
SQL: SHOW COLUMNS FROM `php28_member` [ RunTime:0.495199s ]
SQL: INSERT INTO `php28_member` (`username`,`email`,`password`,`email_code`,`email_time`) VALUES ('woshihsui','s_p_teng@sina.com','e10adc3949ba59abbe56e057f20f883e','54cb5eabdd49c',1422614187) [ RunTime:0.077519s ]

[ 2015-01-30T18:36:57+08:00 ] 127.0.0.1 /index.php/Home/Index/regist
INFO: [ app_begin ] --START--
INFO: Run Behavior\ReadHtmlCache [ RunTime:0.002424s ]
INFO: [ app_begin ] --END-- [ RunTime:0.008014s ]
SQL: SHOW COLUMNS FROM `php28_member` [ RunTime:0.033402s ]
SQL: INSERT INTO `php28_member` (`username`,`email`,`password`,`email_code`,`email_time`) VALUES ('woshihsui','s_p_teng@sina.com','e10adc3949ba59abbe56e057f20f883e','54cb5ec766e1b',1422614215) [ RunTime:0.001719s ]

[ 2015-01-30T18:41:51+08:00 ] 127.0.0.1 /index.php/Home/Index/checkCode/code/54cb5ec766e1b
INFO: [ app_begin ] --START--
INFO: Run Behavior\ReadHtmlCache [ RunTime:0.003413s ]
INFO: [ app_begin ] --END-- [ RunTime:0.008929s ]

[ 2015-01-30T18:42:03+08:00 ] 127.0.0.1 /index.php/Home/Index/checkCode/code/54cb5eabdd49c
INFO: [ app_begin ] --START--
INFO: Run Behavior\ReadHtmlCache [ RunTime:0.002879s ]
INFO: [ app_begin ] --END-- [ RunTime:0.008248s ]

[ 2015-01-30T19:13:39+08:00 ] 127.0.0.1 /index.php/Home/Index/checkCode/code/54cb5ec766e1b
INFO: [ app_begin ] --START--
INFO: Run Behavior\ReadHtmlCache [ RunTime:0.003215s ]
INFO: [ app_begin ] --END-- [ RunTime:0.008657s ]

[ 2015-01-30T19:13:52+08:00 ] 127.0.0.1 /index.php/Home/Index/checkCode/code/54cb5ec766e1b
INFO: [ app_begin ] --START--
INFO: Run Behavior\ReadHtmlCache [ RunTime:0.002865s ]
INFO: [ app_begin ] --END-- [ RunTime:0.008125s ]
SQL: SHOW COLUMNS FROM `php28_member` [ RunTime:0.061986s ]
SQL: SELECT * FROM `php28_member` WHERE ( email_code=54cb5ec766e1b ) LIMIT 1   [ RunTime:0.032232s ]
ERR: 1054:Unknown column '54cb5ec766e1b' in 'where clause'
 [ SQL语句 ] : SELECT * FROM `php28_member` WHERE ( email_code=54cb5ec766e1b ) LIMIT 1  

[ 2015-01-30T19:14:00+08:00 ] 127.0.0.1 /index.php/Home/Index/checkCode/code/54cb5ec766e1b
INFO: [ app_begin ] --START--
INFO: Run Behavior\ReadHtmlCache [ RunTime:0.004095s ]
INFO: [ app_begin ] --END-- [ RunTime:0.009611s ]
SQL: SHOW COLUMNS FROM `php28_member` [ RunTime:0.006196s ]
SQL: SELECT * FROM `php28_member` WHERE ( email_code=54cb5ec766e1b ) LIMIT 1   [ RunTime:0.001310s ]
ERR: 1054:Unknown column '54cb5ec766e1b' in 'where clause'
 [ SQL语句 ] : SELECT * FROM `php28_member` WHERE ( email_code=54cb5ec766e1b ) LIMIT 1  

[ 2015-01-30T19:14:17+08:00 ] 127.0.0.1 /index.php/Home/Index/checkCode/code/54cb5eabdd49c
INFO: [ app_begin ] --START--
INFO: Run Behavior\ReadHtmlCache [ RunTime:0.003337s ]
INFO: [ app_begin ] --END-- [ RunTime:0.031626s ]
SQL: SHOW COLUMNS FROM `php28_member` [ RunTime:0.007692s ]
SQL: SELECT * FROM `php28_member` WHERE ( email_code=54cb5eabdd49c ) LIMIT 1   [ RunTime:0.001525s ]
ERR: 1054:Unknown column '54cb5eabdd49c' in 'where clause'
 [ SQL语句 ] : SELECT * FROM `php28_member` WHERE ( email_code=54cb5eabdd49c ) LIMIT 1  

[ 2015-01-30T19:14:24+08:00 ] 127.0.0.1 /index.php/Home/Index/checkCode/code/54cb5eabdd49c
INFO: [ app_begin ] --START--
INFO: Run Behavior\ReadHtmlCache [ RunTime:0.002892s ]
INFO: [ app_begin ] --END-- [ RunTime:0.008823s ]
SQL: SHOW COLUMNS FROM `php28_member` [ RunTime:0.008449s ]
SQL: SELECT * FROM `php28_member` WHERE ( email_code=54cb5eabdd49c ) LIMIT 1   [ RunTime:0.001644s ]
ERR: 1054:Unknown column '54cb5eabdd49c' in 'where clause'
 [ SQL语句 ] : SELECT * FROM `php28_member` WHERE ( email_code=54cb5eabdd49c ) LIMIT 1  

[ 2015-01-30T19:15:59+08:00 ] 127.0.0.1 /index.php/Home/Index/checkCode/code/54cb5eabdd49c
INFO: [ app_begin ] --START--
INFO: Run Behavior\ReadHtmlCache [ RunTime:0.003001s ]
INFO: [ app_begin ] --END-- [ RunTime:0.008717s ]
SQL: SHOW COLUMNS FROM `php28_member` [ RunTime:0.006117s ]
SQL: SELECT * FROM `php28_member` WHERE ( email_code=54cb5eabdd49c ) LIMIT 1   [ RunTime:0.001485s ]
ERR: 1054:Unknown column '54cb5eabdd49c' in 'where clause'
 [ SQL语句 ] : SELECT * FROM `php28_member` WHERE ( email_code=54cb5eabdd49c ) LIMIT 1  

[ 2015-01-30T19:16:17+08:00 ] 127.0.0.1 /index.php/Home/Index/checkCode/code/54cb5eabdd49c
INFO: [ app_begin ] --START--
INFO: Run Behavior\ReadHtmlCache [ RunTime:0.003265s ]
INFO: [ app_begin ] --END-- [ RunTime:0.008814s ]
SQL: SHOW COLUMNS FROM `php28_member` [ RunTime:0.006912s ]
SQL: SELECT * FROM `php28_member` WHERE ( email_code=54cb5eabdd49c ) LIMIT 1   [ RunTime:0.001287s ]
ERR: 1054:Unknown column '54cb5eabdd49c' in 'where clause'
 [ SQL语句 ] : SELECT * FROM `php28_member` WHERE ( email_code=54cb5eabdd49c ) LIMIT 1  

[ 2015-01-30T19:16:51+08:00 ] 127.0.0.1 /index.php/Home/Index/checkCode/code/54cb5ec766e1b
INFO: [ app_begin ] --START--
INFO: Run Behavior\ReadHtmlCache [ RunTime:0.013484s ]
INFO: [ app_begin ] --END-- [ RunTime:0.024121s ]
SQL: SHOW COLUMNS FROM `php28_member` [ RunTime:0.005871s ]
SQL: SELECT * FROM `php28_member` WHERE ( email_code=54cb5ec766e1b ) LIMIT 1   [ RunTime:0.001308s ]
ERR: 1054:Unknown column '54cb5ec766e1b' in 'where clause'
 [ SQL语句 ] : SELECT * FROM `php28_member` WHERE ( email_code=54cb5ec766e1b ) LIMIT 1  

[ 2015-01-30T19:16:57+08:00 ] 127.0.0.1 /index.php/Home/Index/checkCode/code/54cb5ec766e1b
INFO: [ app_begin ] --START--
INFO: Run Behavior\ReadHtmlCache [ RunTime:0.002852s ]
INFO: [ app_begin ] --END-- [ RunTime:0.008436s ]
SQL: SHOW COLUMNS FROM `php28_member` [ RunTime:0.008207s ]
SQL: SELECT * FROM `php28_member` WHERE ( email_code=54cb5ec766e1b ) LIMIT 1   [ RunTime:0.001437s ]
ERR: 1054:Unknown column '54cb5ec766e1b' in 'where clause'
 [ SQL语句 ] : SELECT * FROM `php28_member` WHERE ( email_code=54cb5ec766e1b ) LIMIT 1  

[ 2015-01-30T19:17:15+08:00 ] 127.0.0.1 /index.php/Home/Index/checkCode/code/54cb5ec766e1b
INFO: [ app_begin ] --START--
INFO: Run Behavior\ReadHtmlCache [ RunTime:0.003144s ]
INFO: [ app_begin ] --END-- [ RunTime:0.008455s ]
SQL: SHOW COLUMNS FROM `php28_member` [ RunTime:0.007508s ]
SQL: SELECT * FROM `php28_member` WHERE ( email_code=54cb5ec766e1b ) LIMIT 1   [ RunTime:0.001231s ]
ERR: 1054:Unknown column '54cb5ec766e1b' in 'where clause'
 [ SQL语句 ] : SELECT * FROM `php28_member` WHERE ( email_code=54cb5ec766e1b ) LIMIT 1  

[ 2015-01-30T19:22:12+08:00 ] 127.0.0.1 /index.php/Home/Index/checkCode/code/54cb5ec766e1b
INFO: [ app_begin ] --START--
INFO: Run Behavior\ReadHtmlCache [ RunTime:0.003633s ]
INFO: [ app_begin ] --END-- [ RunTime:0.009375s ]
SQL: SHOW COLUMNS FROM `php28_member` [ RunTime:0.006548s ]
SQL: SELECT * FROM `php28_member` WHERE ( email_code='54cb5ec766e1b' ) LIMIT 1   [ RunTime:0.012205s ]

[ 2015-01-30T19:22:40+08:00 ] 127.0.0.1 /index.php/Home/Index/checkCode/code/54cb5ec766e1b
INFO: [ app_begin ] --START--
INFO: Run Behavior\ReadHtmlCache [ RunTime:0.003835s ]
INFO: [ app_begin ] --END-- [ RunTime:0.009381s ]
SQL: SHOW COLUMNS FROM `php28_member` [ RunTime:0.006203s ]
SQL: SELECT * FROM `php28_member` WHERE ( email_code='54cb5ec766e1b' ) LIMIT 1   [ RunTime:0.001836s ]
INFO: [ view_parse ] --START--
INFO: [ template_filter ] --START--
INFO: Run Behavior\ContentReplace [ RunTime:0.002867s ]
INFO: [ template_filter ] --END-- [ RunTime:0.011383s ]
INFO: Run Behavior\ParseTemplate [ RunTime:0.485392s ]
INFO: [ view_parse ] --END-- [ RunTime:0.490774s ]
INFO: [ view_filter ] --START--
INFO: Run Behavior\WriteHtmlCache [ RunTime:0.003184s ]
INFO: [ view_filter ] --END-- [ RunTime:0.008668s ]

[ 2015-01-30T19:24:38+08:00 ] 127.0.0.1 /index.php/Home/Index/checkCode/code/54cb5ec766e1b
INFO: [ app_begin ] --START--
INFO: Run Behavior\ReadHtmlCache [ RunTime:0.003842s ]
INFO: [ app_begin ] --END-- [ RunTime:0.010609s ]
SQL: SHOW COLUMNS FROM `php28_member` [ RunTime:0.007481s ]
SQL: SELECT * FROM `php28_member` WHERE ( email_code='54cb5ec766e1b' ) LIMIT 1   [ RunTime:0.001442s ]

[ 2015-01-30T19:24:50+08:00 ] 127.0.0.1 /index.php/Home/Index/resend/code/54cb5ec766e1b.html
INFO: [ app_begin ] --START--
INFO: Run Behavior\ReadHtmlCache [ RunTime:0.002852s ]
INFO: [ app_begin ] --END-- [ RunTime:0.008183s ]
SQL: SHOW COLUMNS FROM `php28_member` [ RunTime:0.006274s ]
SQL: SELECT * FROM `php28_member` WHERE ( email_code='54cb5ec766e1b' ) LIMIT 1   [ RunTime:0.001603s ]
SQL: UPDATE `php28_member` SET `email_code`='54cb6a0043a15',`email_time`=1422617088 WHERE ( member_id=8 ) [ RunTime:0.018874s ]
ERR: 1054:Unknown column 'member_id' in 'where clause'
 [ SQL语句 ] : UPDATE `php28_member` SET `email_code`='54cb6a0043a15',`email_time`=1422617088 WHERE ( member_id=8 )

[ 2015-01-30T19:24:59+08:00 ] 127.0.0.1 /index.php/Home/Index/resend/code/54cb5ec766e1b.html
INFO: [ app_begin ] --START--
INFO: Run Behavior\ReadHtmlCache [ RunTime:0.003012s ]
INFO: [ app_begin ] --END-- [ RunTime:0.009036s ]
SQL: SHOW COLUMNS FROM `php28_member` [ RunTime:0.006930s ]
SQL: SELECT * FROM `php28_member` WHERE ( email_code='54cb5ec766e1b' ) LIMIT 1   [ RunTime:0.001854s ]
SQL: UPDATE `php28_member` SET `email_code`='54cb6a0ad9d56',`email_time`=1422617098 WHERE ( member_id=8 ) [ RunTime:0.002122s ]
ERR: 1054:Unknown column 'member_id' in 'where clause'
 [ SQL语句 ] : UPDATE `php28_member` SET `email_code`='54cb6a0ad9d56',`email_time`=1422617098 WHERE ( member_id=8 )

[ 2015-01-30T19:42:15+08:00 ] 127.0.0.1 /index.php/Home/Index/checkCode/code/54cb6a0ad9d56
INFO: [ app_begin ] --START--
INFO: Run Behavior\ReadHtmlCache [ RunTime:0.003487s ]
INFO: [ app_begin ] --END-- [ RunTime:0.010309s ]
SQL: SHOW COLUMNS FROM `php28_member` [ RunTime:0.055918s ]
SQL: SELECT * FROM `php28_member` WHERE ( email_code='54cb6a0ad9d56' ) LIMIT 1   [ RunTime:0.001658s ]

[ 2015-01-30T19:42:27+08:00 ] 127.0.0.1 /index.php/Home/Index/checkCode/code/54cb6a0ad9d56
INFO: [ app_begin ] --START--
INFO: Run Behavior\ReadHtmlCache [ RunTime:0.002869s ]
INFO: [ app_begin ] --END-- [ RunTime:0.008161s ]
SQL: SHOW COLUMNS FROM `php28_member` [ RunTime:0.006723s ]
SQL: SELECT * FROM `php28_member` WHERE ( email_code='54cb6a0ad9d56' ) LIMIT 1   [ RunTime:0.001401s ]

[ 2015-01-30T19:42:36+08:00 ] 127.0.0.1 /index.php/Home/Index/checkCode/code/54cb6a0043a15
INFO: [ app_begin ] --START--
INFO: Run Behavior\ReadHtmlCache [ RunTime:0.005592s ]
INFO: [ app_begin ] --END-- [ RunTime:0.012470s ]
SQL: SHOW COLUMNS FROM `php28_member` [ RunTime:0.007089s ]
SQL: SELECT * FROM `php28_member` WHERE ( email_code='54cb6a0043a15' ) LIMIT 1   [ RunTime:0.001594s ]

[ 2015-01-30T19:43:02+08:00 ] 127.0.0.1 /index.php/Home/Index/checkCode/code/54cb5ec766e1b
INFO: [ app_begin ] --START--
INFO: Run Behavior\ReadHtmlCache [ RunTime:0.002912s ]
INFO: [ app_begin ] --END-- [ RunTime:0.009429s ]
SQL: SHOW COLUMNS FROM `php28_member` [ RunTime:0.008808s ]
SQL: SELECT * FROM `php28_member` WHERE ( email_code='54cb5ec766e1b' ) LIMIT 1   [ RunTime:0.001749s ]

[ 2015-01-30T19:43:05+08:00 ] 127.0.0.1 /index.php/Home/Index/resend/code/54cb5ec766e1b.html
INFO: [ app_begin ] --START--
INFO: Run Behavior\ReadHtmlCache [ RunTime:0.002860s ]
INFO: [ app_begin ] --END-- [ RunTime:0.008346s ]
SQL: SHOW COLUMNS FROM `php28_member` [ RunTime:0.006244s ]
SQL: SELECT * FROM `php28_member` WHERE ( email_code='54cb5ec766e1b' ) LIMIT 1   [ RunTime:0.001957s ]
SQL: UPDATE `php28_member` SET `email_code`='54cb6e4943cad',`email_time`=1422618185 WHERE ( id=8 ) [ RunTime:0.045288s ]

[ 2015-01-30T19:43:44+08:00 ] 127.0.0.1 /index.php/Home/Index/resend/code/54cb5ec766e1b.html
INFO: [ app_begin ] --START--
INFO: Run Behavior\ReadHtmlCache [ RunTime:0.003327s ]
INFO: [ app_begin ] --END-- [ RunTime:0.009578s ]
SQL: SHOW COLUMNS FROM `php28_member` [ RunTime:0.007429s ]
SQL: SELECT * FROM `php28_member` WHERE ( email_code='54cb5ec766e1b' ) LIMIT 1   [ RunTime:0.001398s ]

[ 2015-01-30T19:44:31+08:00 ] 127.0.0.1 /index.php/Home/Index/checkCode/code/54cb5ec766e1b
INFO: [ app_begin ] --START--
INFO: Run Behavior\ReadHtmlCache [ RunTime:0.003252s ]
INFO: [ app_begin ] --END-- [ RunTime:0.009365s ]
SQL: SHOW COLUMNS FROM `php28_member` [ RunTime:0.063502s ]
SQL: SELECT * FROM `php28_member` WHERE ( email_code='54cb5ec766e1b' ) LIMIT 1   [ RunTime:0.001989s ]

[ 2015-01-30T19:44:39+08:00 ] 127.0.0.1 /index.php/Home/Index/resend/code/54cb5ec766e1b.html
INFO: [ app_begin ] --START--
INFO: Run Behavior\ReadHtmlCache [ RunTime:0.005537s ]
INFO: [ app_begin ] --END-- [ RunTime:0.014104s ]
SQL: SHOW COLUMNS FROM `php28_member` [ RunTime:0.007432s ]
SQL: SELECT * FROM `php28_member` WHERE ( email_code='54cb5ec766e1b' ) LIMIT 1   [ RunTime:0.001610s ]

[ 2015-01-30T19:44:41+08:00 ] 127.0.0.1 /index.php/Home/Index/resend/code/54cb5ec766e1b.html
INFO: [ app_begin ] --START--
INFO: Run Behavior\ReadHtmlCache [ RunTime:0.002941s ]
INFO: [ app_begin ] --END-- [ RunTime:0.008564s ]
SQL: SHOW COLUMNS FROM `php28_member` [ RunTime:0.006715s ]
SQL: SELECT * FROM `php28_member` WHERE ( email_code='54cb5ec766e1b' ) LIMIT 1   [ RunTime:0.001531s ]

[ 2015-01-30T19:45:07+08:00 ] 127.0.0.1 /index.php/Home/Index/resend/code/54cb6a0ad9d56.html
INFO: [ app_begin ] --START--
INFO: Run Behavior\ReadHtmlCache [ RunTime:0.003105s ]
INFO: [ app_begin ] --END-- [ RunTime:0.008810s ]
SQL: SHOW COLUMNS FROM `php28_member` [ RunTime:0.007659s ]
SQL: SELECT * FROM `php28_member` WHERE ( email_code='54cb6a0ad9d56' ) LIMIT 1   [ RunTime:0.002314s ]

[ 2015-01-30T19:45:20+08:00 ] 127.0.0.1 /index.php/Home/Index/regist
INFO: [ app_begin ] --START--
INFO: Run Behavior\ReadHtmlCache [ RunTime:0.003430s ]
INFO: [ app_begin ] --END-- [ RunTime:0.008816s ]
INFO: [ view_parse ] --START--
INFO: [ template_filter ] --START--
INFO: Run Behavior\ContentReplace [ RunTime:0.001861s ]
INFO: [ template_filter ] --END-- [ RunTime:0.007358s ]
INFO: Run Behavior\ParseTemplate [ RunTime:0.126000s ]
INFO: [ view_parse ] --END-- [ RunTime:0.131293s ]
INFO: [ view_filter ] --START--
INFO: Run Behavior\WriteHtmlCache [ RunTime:0.003472s ]
INFO: [ view_filter ] --END-- [ RunTime:0.008865s ]
INFO: [ app_end ] --START--
INFO: Run Behavior\ShowPageTrace [ RunTime:0.023523s ]
INFO: [ app_end ] --END-- [ RunTime:0.028747s ]

[ 2015-01-30T19:45:20+08:00 ] 127.0.0.1 /index.php/Home/Index/ajaxChkLogin
INFO: [ app_begin ] --START--
INFO: Run Behavior\ReadHtmlCache [ RunTime:0.002934s ]
INFO: [ app_begin ] --END-- [ RunTime:0.007319s ]
ERR: 非法操作:ajaxchklogin

[ 2015-01-30T19:45:41+08:00 ] 127.0.0.1 /index.php/Home/Index/regist
INFO: [ app_begin ] --START--
INFO: Run Behavior\ReadHtmlCache [ RunTime:0.002671s ]
INFO: [ app_begin ] --END-- [ RunTime:0.008211s ]
SQL: SHOW COLUMNS FROM `php28_member` [ RunTime:0.006036s ]
SQL: INSERT INTO `php28_member` (`username`,`email`,`password`,`email_code`,`email_time`) VALUES ('song','s_p_teng@sina.com','683eb609607a439b0561dcbb4c8329e8','54cb6ee3d83de',1422618339) [ RunTime:0.031905s ]
INFO: [ view_parse ] --START--
INFO: [ template_filter ] --START--
INFO: Run Behavior\ContentReplace [ RunTime:0.001863s ]
INFO: [ template_filter ] --END-- [ RunTime:0.008222s ]
INFO: Run Behavior\ParseTemplate [ RunTime:0.172271s ]
INFO: [ view_parse ] --END-- [ RunTime:0.177721s ]
INFO: [ view_filter ] --START--
INFO: Run Behavior\WriteHtmlCache [ RunTime:0.003050s ]
INFO: [ view_filter ] --END-- [ RunTime:0.008636s ]
INFO: [ view_parse ] --START--
INFO: [ template_filter ] --START--
INFO: Run Behavior\ContentReplace [ RunTime:0.001947s ]
INFO: [ template_filter ] --END-- [ RunTime:-0.079992s ]
INFO: Run Behavior\ParseTemplate [ RunTime:0.049003s ]
INFO: [ view_parse ] --END-- [ RunTime:-0.022532s ]
INFO: [ view_filter ] --START--
INFO: Run Behavior\WriteHtmlCache [ RunTime:0.001138s ]
INFO: [ view_filter ] --END-- [ RunTime:-0.068334s ]
INFO: [ app_end ] --START--
INFO: Run Behavior\ShowPageTrace [ RunTime:0.003945s ]
INFO: [ app_end ] --END-- [ RunTime:0.009165s ]

[ 2015-01-30T19:45:41+08:00 ] 127.0.0.1 /index.php/Home/Index/ajaxChkLogin
INFO: [ app_begin ] --START--
INFO: Run Behavior\ReadHtmlCache [ RunTime:0.002826s ]
INFO: [ app_begin ] --END-- [ RunTime:0.007191s ]
ERR: 非法操作:ajaxchklogin

[ 2015-01-30T19:45:42+08:00 ] 127.0.0.1 /index.php/Home/Index/lst.html
INFO: [ app_begin ] --START--
INFO: Run Behavior\ReadHtmlCache [ RunTime:0.002962s ]
INFO: [ app_begin ] --END-- [ RunTime:0.008384s ]
ERR: 非法操作:lst

[ 2015-01-30T19:46:26+08:00 ] 127.0.0.1 /index.php/Home/Index/checkCode/code/54cb6ee3d83de
INFO: [ app_begin ] --START--
INFO: Run Behavior\ReadHtmlCache [ RunTime:0.002959s ]
INFO: [ app_begin ] --END-- [ RunTime:0.008336s ]
SQL: SHOW COLUMNS FROM `php28_member` [ RunTime:0.006525s ]
SQL: SELECT * FROM `php28_member` WHERE ( email_code='54cb6ee3d83de' ) LIMIT 1   [ RunTime:0.001504s ]

[ 2015-01-30T19:46:29+08:00 ] 127.0.0.1 /index.php/Home/Index/resend/code/54cb6ee3d83de.html
INFO: [ app_begin ] --START--
INFO: Run Behavior\ReadHtmlCache [ RunTime:0.003066s ]
INFO: [ app_begin ] --END-- [ RunTime:0.009090s ]
SQL: SHOW COLUMNS FROM `php28_member` [ RunTime:0.006268s ]
SQL: SELECT * FROM `php28_member` WHERE ( email_code='54cb6ee3d83de' ) LIMIT 1   [ RunTime:0.001629s ]
SQL: UPDATE `php28_member` SET `email_code`='54cb6f1464137',`email_time`=1422618388 WHERE ( id=9 ) [ RunTime:0.001591s ]

[ 2015-01-30T19:46:54+08:00 ] 127.0.0.1 /index.php/Home/Index/checkCode/code/54cb6f1464137
INFO: [ app_begin ] --START--
INFO: Run Behavior\ReadHtmlCache [ RunTime:0.003545s ]
INFO: [ app_begin ] --END-- [ RunTime:0.009365s ]
SQL: SHOW COLUMNS FROM `php28_member` [ RunTime:0.008310s ]
SQL: SELECT * FROM `php28_member` WHERE ( email_code='54cb6f1464137' ) LIMIT 1   [ RunTime:0.001670s ]
SQL: UPDATE `php28_member` SET `email_code`='' WHERE ( email_code='54cb6f1464137' ) [ RunTime:0.001721s ]
INFO: [ view_parse ] --START--
INFO: [ template_filter ] --START--
INFO: Run Behavior\ContentReplace [ RunTime:0.001839s ]
INFO: [ template_filter ] --END-- [ RunTime:0.007186s ]
INFO: Run Behavior\ParseTemplate [ RunTime:0.090789s ]
INFO: [ view_parse ] --END-- [ RunTime:0.097797s ]
INFO: [ view_filter ] --START--
INFO: Run Behavior\WriteHtmlCache [ RunTime:0.002764s ]
INFO: [ view_filter ] --END-- [ RunTime:0.007973s ]

[ 2015-01-30T19:46:55+08:00 ] 127.0.0.1 /index.php/Home/Index/login.html
INFO: [ app_begin ] --START--
INFO: Run Behavior\ReadHtmlCache [ RunTime:0.002936s ]
INFO: [ app_begin ] --END-- [ RunTime:0.008228s ]
ERR: 非法操作:login

