[ 2015-02-01T12:28:06+08:00 ] 127.0.0.1 /index.php/Home/Index/regist
INFO: [ app_begin ] --START--
INFO: Run Behavior\ReadHtmlCache [ RunTime:0.004067s ]
INFO: [ app_begin ] --END-- [ RunTime:0.022938s ]
INFO: [ view_parse ] --START--
INFO: [ template_filter ] --START--
INFO: Run Behavior\ContentReplace [ RunTime:0.001903s ]
INFO: [ template_filter ] --END-- [ RunTime:0.007281s ]
INFO: Run Behavior\ParseTemplate [ RunTime:0.181616s ]
INFO: [ view_parse ] --END-- [ RunTime:0.187703s ]
INFO: [ view_filter ] --START--
INFO: Run Behavior\WriteHtmlCache [ RunTime:0.029590s ]
INFO: [ view_filter ] --END-- [ RunTime:0.035018s ]
INFO: [ app_end ] --START--
INFO: Run Behavior\ShowPageTrace [ RunTime:0.033565s ]
INFO: [ app_end ] --END-- [ RunTime:0.044529s ]

[ 2015-02-01T12:28:07+08:00 ] 127.0.0.1 /index.php/Home/Index/ajaxChkLogin
INFO: [ app_begin ] --START--
INFO: Run Behavior\ReadHtmlCache [ RunTime:0.003751s ]
INFO: [ app_begin ] --END-- [ RunTime:0.010159s ]
ERR: 非法操作:ajaxchklogin

[ 2015-02-01T12:28:14+08:00 ] 127.0.0.1 /index.php/Home/Index/login
INFO: [ app_begin ] --START--
INFO: Run Behavior\ReadHtmlCache [ RunTime:0.003250s ]
INFO: [ app_begin ] --END-- [ RunTime:0.008655s ]
ERR: 非法操作:login

[ 2015-02-01T12:29:41+08:00 ] 127.0.0.1 /index.php/Home/Index/login
INFO: [ app_begin ] --START--
INFO: Run Behavior\ReadHtmlCache [ RunTime:0.002875s ]
INFO: [ app_begin ] --END-- [ RunTime:0.008289s ]
INFO: [ view_parse ] --START--
INFO: [ template_filter ] --START--
INFO: Run Behavior\ContentReplace [ RunTime:0.001973s ]
INFO: [ template_filter ] --END-- [ RunTime:0.007281s ]
INFO: Run Behavior\ParseTemplate [ RunTime:0.068088s ]
INFO: [ view_parse ] --END-- [ RunTime:0.073953s ]
INFO: [ view_filter ] --START--
INFO: Run Behavior\WriteHtmlCache [ RunTime:0.003060s ]
INFO: [ view_filter ] --END-- [ RunTime:0.008287s ]
INFO: [ app_end ] --START--
INFO: Run Behavior\ShowPageTrace [ RunTime:0.003379s ]
INFO: [ app_end ] --END-- [ RunTime:0.008438s ]

[ 2015-02-01T12:29:41+08:00 ] 127.0.0.1 /index.php/Home/Index/ajaxChkLogin
INFO: [ app_begin ] --START--
INFO: Run Behavior\ReadHtmlCache [ RunTime:0.007359s ]
INFO: [ app_begin ] --END-- [ RunTime:0.014548s ]
ERR: 非法操作:ajaxchklogin

[ 2015-02-01T13:22:36+08:00 ] 127.0.0.1 /index.php/Home/Index/login
INFO: [ app_begin ] --START--
INFO: Run Behavior\ReadHtmlCache [ RunTime:0.004857s ]
INFO: [ app_begin ] --END-- [ RunTime:0.012564s ]
INFO: [ view_parse ] --START--
INFO: [ template_filter ] --START--
INFO: Run Behavior\ContentReplace [ RunTime:0.001935s ]
INFO: [ template_filter ] --END-- [ RunTime:0.007178s ]
INFO: Run Behavior\ParseTemplate [ RunTime:0.245468s ]
INFO: [ view_parse ] --END-- [ RunTime:0.251650s ]
INFO: [ view_filter ] --START--
INFO: Run Behavior\WriteHtmlCache [ RunTime:0.089112s ]
INFO: [ view_filter ] --END-- [ RunTime:0.096605s ]
INFO: [ app_end ] --START--
INFO: Run Behavior\ShowPageTrace [ RunTime:0.070127s ]
INFO: [ app_end ] --END-- [ RunTime:0.076125s ]

[ 2015-02-01T13:22:36+08:00 ] 127.0.0.1 /index.php/Home/Index/ajaxChkLogin
INFO: [ app_begin ] --START--
INFO: Run Behavior\ReadHtmlCache [ RunTime:0.003046s ]
INFO: [ app_begin ] --END-- [ RunTime:0.007484s ]
ERR: 非法操作:ajaxchklogin

[ 2015-02-01T13:34:59+08:00 ] 127.0.0.1 /index.php/Home/Index/login
INFO: [ app_begin ] --START--
INFO: Run Behavior\ReadHtmlCache [ RunTime:0.002872s ]
INFO: [ app_begin ] --END-- [ RunTime:0.008351s ]

[ 2015-02-01T13:35:45+08:00 ] 127.0.0.1 /index.php/Home/Index/login
INFO: [ app_begin ] --START--
INFO: Run Behavior\ReadHtmlCache [ RunTime:0.004066s ]
INFO: [ app_begin ] --END-- [ RunTime:0.012106s ]
SQL: SHOW COLUMNS FROM `php28_member` [ RunTime:0.204517s ]
SQL: SELECT * FROM `php28_member` WHERE ( username=woshi  ) LIMIT 1   [ RunTime:0.032597s ]
ERR: 1054:Unknown column 'woshi' in 'where clause'
 [ SQL语句 ] : SELECT * FROM `php28_member` WHERE ( username=woshi  ) LIMIT 1  
INFO: [ view_parse ] --START--
INFO: [ template_filter ] --START--
INFO: Run Behavior\ContentReplace [ RunTime:0.002971s ]
INFO: [ template_filter ] --END-- [ RunTime:0.011399s ]
INFO: Run Behavior\ParseTemplate [ RunTime:0.172711s ]
INFO: [ view_parse ] --END-- [ RunTime:0.178175s ]
INFO: [ view_filter ] --START--
INFO: Run Behavior\WriteHtmlCache [ RunTime:0.003186s ]
INFO: [ view_filter ] --END-- [ RunTime:0.008519s ]

[ 2015-02-01T13:35:49+08:00 ] 127.0.0.1 /index.php/Home/Index/login
INFO: [ app_begin ] --START--
INFO: Run Behavior\ReadHtmlCache [ RunTime:0.002885s ]
INFO: [ app_begin ] --END-- [ RunTime:0.008544s ]
INFO: [ view_parse ] --START--
INFO: [ template_filter ] --START--
INFO: Run Behavior\ContentReplace [ RunTime:0.001917s ]
INFO: [ template_filter ] --END-- [ RunTime:0.007324s ]
INFO: Run Behavior\ParseTemplate [ RunTime:0.063323s ]
INFO: [ view_parse ] --END-- [ RunTime:0.068495s ]
INFO: [ view_filter ] --START--
INFO: Run Behavior\WriteHtmlCache [ RunTime:0.002667s ]
INFO: [ view_filter ] --END-- [ RunTime:0.007827s ]
INFO: [ app_end ] --START--
INFO: Run Behavior\ShowPageTrace [ RunTime:0.003532s ]
INFO: [ app_end ] --END-- [ RunTime:0.008681s ]

[ 2015-02-01T13:35:49+08:00 ] 127.0.0.1 /index.php/Home/Index/ajaxChkLogin
INFO: [ app_begin ] --START--
INFO: Run Behavior\ReadHtmlCache [ RunTime:0.002785s ]
INFO: [ app_begin ] --END-- [ RunTime:0.007074s ]
ERR: 非法操作:ajaxchklogin

[ 2015-02-01T13:35:58+08:00 ] 127.0.0.1 /index.php/Home/Index/login
INFO: [ app_begin ] --START--
INFO: Run Behavior\ReadHtmlCache [ RunTime:0.002467s ]
INFO: [ app_begin ] --END-- [ RunTime:0.007644s ]
SQL: SHOW COLUMNS FROM `php28_member` [ RunTime:0.007216s ]
SQL: SELECT * FROM `php28_member` WHERE ( username=我 ) LIMIT 1   [ RunTime:0.015680s ]
ERR: 1054:Unknown column '我' in 'where clause'
 [ SQL语句 ] : SELECT * FROM `php28_member` WHERE ( username=我 ) LIMIT 1  
INFO: [ view_parse ] --START--
INFO: [ template_filter ] --START--
INFO: Run Behavior\ContentReplace [ RunTime:0.001782s ]
INFO: [ template_filter ] --END-- [ RunTime:0.006861s ]
INFO: Run Behavior\ParseTemplate [ RunTime:0.067523s ]
INFO: [ view_parse ] --END-- [ RunTime:0.072576s ]
INFO: [ view_filter ] --START--
INFO: Run Behavior\WriteHtmlCache [ RunTime:0.002705s ]
INFO: [ view_filter ] --END-- [ RunTime:0.007711s ]

[ 2015-02-01T13:36:02+08:00 ] 127.0.0.1 /index.php/Home/Index/login
INFO: [ app_begin ] --START--
INFO: Run Behavior\ReadHtmlCache [ RunTime:0.003186s ]
INFO: [ app_begin ] --END-- [ RunTime:0.008477s ]
INFO: [ view_parse ] --START--
INFO: [ template_filter ] --START--
INFO: Run Behavior\ContentReplace [ RunTime:0.001867s ]
INFO: [ template_filter ] --END-- [ RunTime:0.007033s ]
INFO: Run Behavior\ParseTemplate [ RunTime:0.062863s ]
INFO: [ view_parse ] --END-- [ RunTime:0.068020s ]
INFO: [ view_filter ] --START--
INFO: Run Behavior\WriteHtmlCache [ RunTime:0.002649s ]
INFO: [ view_filter ] --END-- [ RunTime:0.007634s ]
INFO: [ app_end ] --START--
INFO: Run Behavior\ShowPageTrace [ RunTime:0.003454s ]
INFO: [ app_end ] --END-- [ RunTime:0.009948s ]

[ 2015-02-01T13:36:02+08:00 ] 127.0.0.1 /index.php/Home/Index/ajaxChkLogin
INFO: [ app_begin ] --START--
INFO: Run Behavior\ReadHtmlCache [ RunTime:0.002951s ]
INFO: [ app_begin ] --END-- [ RunTime:0.007373s ]
ERR: 非法操作:ajaxchklogin

[ 2015-02-01T13:37:07+08:00 ] 127.0.0.1 /index.php/Home/Index/login
INFO: [ app_begin ] --START--
INFO: Run Behavior\ReadHtmlCache [ RunTime:0.003350s ]
INFO: [ app_begin ] --END-- [ RunTime:0.010793s ]
SQL: SHOW COLUMNS FROM `php28_member` [ RunTime:0.006319s ]
SQL: SELECT * FROM `php28_member` WHERE ( username=woshishui ) LIMIT 1   [ RunTime:0.001450s ]
ERR: 1054:Unknown column 'woshishui' in 'where clause'
 [ SQL语句 ] : SELECT * FROM `php28_member` WHERE ( username=woshishui ) LIMIT 1  
INFO: [ view_parse ] --START--
INFO: [ template_filter ] --START--
INFO: Run Behavior\ContentReplace [ RunTime:0.002314s ]
INFO: [ template_filter ] --END-- [ RunTime:0.008539s ]
INFO: Run Behavior\ParseTemplate [ RunTime:0.114948s ]
INFO: [ view_parse ] --END-- [ RunTime:0.120441s ]
INFO: [ view_filter ] --START--
INFO: Run Behavior\WriteHtmlCache [ RunTime:0.003251s ]
INFO: [ view_filter ] --END-- [ RunTime:0.008606s ]

[ 2015-02-01T13:37:10+08:00 ] 127.0.0.1 /index.php/Home/Index/login
INFO: [ app_begin ] --START--
INFO: Run Behavior\ReadHtmlCache [ RunTime:0.003169s ]
INFO: [ app_begin ] --END-- [ RunTime:0.008849s ]
INFO: [ view_parse ] --START--
INFO: [ template_filter ] --START--
INFO: Run Behavior\ContentReplace [ RunTime:0.001878s ]
INFO: [ template_filter ] --END-- [ RunTime:0.007104s ]
INFO: Run Behavior\ParseTemplate [ RunTime:0.095310s ]
INFO: [ view_parse ] --END-- [ RunTime:0.100692s ]
INFO: [ view_filter ] --START--
INFO: Run Behavior\WriteHtmlCache [ RunTime:0.003014s ]
INFO: [ view_filter ] --END-- [ RunTime:0.008886s ]
INFO: [ app_end ] --START--
INFO: Run Behavior\ShowPageTrace [ RunTime:0.004395s ]
INFO: [ app_end ] --END-- [ RunTime:0.010884s ]

[ 2015-02-01T13:37:11+08:00 ] 127.0.0.1 /index.php/Home/Index/ajaxChkLogin
INFO: [ app_begin ] --START--
INFO: Run Behavior\ReadHtmlCache [ RunTime:0.002868s ]
INFO: [ app_begin ] --END-- [ RunTime:0.007506s ]
ERR: 非法操作:ajaxchklogin

[ 2015-02-01T13:37:32+08:00 ] 127.0.0.1 /index.php/Home/Index/login
INFO: [ app_begin ] --START--
INFO: Run Behavior\ReadHtmlCache [ RunTime:0.002868s ]
INFO: [ app_begin ] --END-- [ RunTime:0.008204s ]
SQL: SHOW COLUMNS FROM `php28_member` [ RunTime:0.006821s ]
SQL: SELECT * FROM `php28_member` WHERE ( username=song ) LIMIT 1   [ RunTime:0.001273s ]
ERR: 1054:Unknown column 'song' in 'where clause'
 [ SQL语句 ] : SELECT * FROM `php28_member` WHERE ( username=song ) LIMIT 1  
INFO: [ view_parse ] --START--
INFO: [ template_filter ] --START--
INFO: Run Behavior\ContentReplace [ RunTime:0.001815s ]
INFO: [ template_filter ] --END-- [ RunTime:0.007078s ]
INFO: Run Behavior\ParseTemplate [ RunTime:0.123727s ]
INFO: [ view_parse ] --END-- [ RunTime:0.128825s ]
INFO: [ view_filter ] --START--
INFO: Run Behavior\WriteHtmlCache [ RunTime:0.002669s ]
INFO: [ view_filter ] --END-- [ RunTime:0.008036s ]

[ 2015-02-01T13:37:36+08:00 ] 127.0.0.1 /index.php/Home/Index/login
INFO: [ app_begin ] --START--
INFO: Run Behavior\ReadHtmlCache [ RunTime:0.003234s ]
INFO: [ app_begin ] --END-- [ RunTime:0.008747s ]
INFO: [ view_parse ] --START--
INFO: [ template_filter ] --START--
INFO: Run Behavior\ContentReplace [ RunTime:0.002265s ]
INFO: [ template_filter ] --END-- [ RunTime:0.009459s ]
INFO: Run Behavior\ParseTemplate [ RunTime:0.093749s ]
INFO: [ view_parse ] --END-- [ RunTime:0.098973s ]
INFO: [ view_filter ] --START--
INFO: Run Behavior\WriteHtmlCache [ RunTime:0.002730s ]
INFO: [ view_filter ] --END-- [ RunTime:0.007928s ]
INFO: [ app_end ] --START--
INFO: Run Behavior\ShowPageTrace [ RunTime:0.003358s ]
INFO: [ app_end ] --END-- [ RunTime:0.008745s ]

[ 2015-02-01T13:37:36+08:00 ] 127.0.0.1 /index.php/Home/Index/ajaxChkLogin
INFO: [ app_begin ] --START--
INFO: Run Behavior\ReadHtmlCache [ RunTime:0.002820s ]
INFO: [ app_begin ] --END-- [ RunTime:0.007118s ]
ERR: 非法操作:ajaxchklogin

[ 2015-02-01T13:37:59+08:00 ] 127.0.0.1 /index.php/Home/Index/login
INFO: [ app_begin ] --START--
INFO: Run Behavior\ReadHtmlCache [ RunTime:0.002805s ]
INFO: [ app_begin ] --END-- [ RunTime:0.008100s ]
SQL: SHOW COLUMNS FROM `php28_member` [ RunTime:0.006454s ]
SQL: SELECT * FROM `php28_member` WHERE ( username=song ) LIMIT 1   [ RunTime:0.001218s ]
ERR: 1054:Unknown column 'song' in 'where clause'
 [ SQL语句 ] : SELECT * FROM `php28_member` WHERE ( username=song ) LIMIT 1  

[ 2015-02-01T13:38:19+08:00 ] 127.0.0.1 /index.php/Home/Index/login
INFO: [ app_begin ] --START--
INFO: Run Behavior\ReadHtmlCache [ RunTime:0.003491s ]
INFO: [ app_begin ] --END-- [ RunTime:0.013701s ]
SQL: SHOW COLUMNS FROM `php28_member` [ RunTime:0.008593s ]
SQL: SELECT * FROM `php28_member` WHERE ( username='song' ) LIMIT 1   [ RunTime:0.001588s ]

[ 2015-02-01T13:38:29+08:00 ] 127.0.0.1 /index.php/Home/Index/login
INFO: [ app_begin ] --START--
INFO: Run Behavior\ReadHtmlCache [ RunTime:0.005879s ]
INFO: [ app_begin ] --END-- [ RunTime:0.012961s ]
SQL: SHOW COLUMNS FROM `php28_member` [ RunTime:0.006825s ]
SQL: SELECT * FROM `php28_member` WHERE ( username='song' ) LIMIT 1   [ RunTime:0.001486s ]
INFO: [ view_parse ] --START--
INFO: [ template_filter ] --START--
INFO: Run Behavior\ContentReplace [ RunTime:0.001806s ]
INFO: [ template_filter ] --END-- [ RunTime:0.006919s ]
INFO: Run Behavior\ParseTemplate [ RunTime:0.073498s ]
INFO: [ view_parse ] --END-- [ RunTime:0.079064s ]
INFO: [ view_filter ] --START--
INFO: Run Behavior\WriteHtmlCache [ RunTime:0.003058s ]
INFO: [ view_filter ] --END-- [ RunTime:0.008219s ]

[ 2015-02-01T13:38:32+08:00 ] 127.0.0.1 /index.php/Home/Index/login
INFO: [ app_begin ] --START--
INFO: Run Behavior\ReadHtmlCache [ RunTime:0.003035s ]
INFO: [ app_begin ] --END-- [ RunTime:0.008438s ]
INFO: [ view_parse ] --START--
INFO: [ template_filter ] --START--
INFO: Run Behavior\ContentReplace [ RunTime:0.001876s ]
INFO: [ template_filter ] --END-- [ RunTime:0.007108s ]
INFO: Run Behavior\ParseTemplate [ RunTime:0.060881s ]
INFO: [ view_parse ] --END-- [ RunTime:0.066108s ]
INFO: [ view_filter ] --START--
INFO: Run Behavior\WriteHtmlCache [ RunTime:0.002709s ]
INFO: [ view_filter ] --END-- [ RunTime:0.008644s ]
INFO: [ app_end ] --START--
INFO: Run Behavior\ShowPageTrace [ RunTime:0.003473s ]
INFO: [ app_end ] --END-- [ RunTime:0.009057s ]

[ 2015-02-01T13:38:32+08:00 ] 127.0.0.1 /index.php/Home/Index/ajaxChkLogin
INFO: [ app_begin ] --START--
INFO: Run Behavior\ReadHtmlCache [ RunTime:0.002845s ]
INFO: [ app_begin ] --END-- [ RunTime:0.007115s ]
ERR: 非法操作:ajaxchklogin

[ 2015-02-01T13:39:15+08:00 ] 127.0.0.1 /index.php/Home/Index/login
INFO: [ app_begin ] --START--
INFO: Run Behavior\ReadHtmlCache [ RunTime:0.003202s ]
INFO: [ app_begin ] --END-- [ RunTime:0.008893s ]
SQL: SHOW COLUMNS FROM `php28_member` [ RunTime:0.006431s ]
SQL: SELECT * FROM `php28_member` WHERE ( username='song' ) LIMIT 1   [ RunTime:0.001624s ]
INFO: [ view_parse ] --START--
INFO: [ template_filter ] --START--
INFO: Run Behavior\ContentReplace [ RunTime:0.001763s ]
INFO: [ template_filter ] --END-- [ RunTime:0.006829s ]
INFO: Run Behavior\ParseTemplate [ RunTime:0.070053s ]
INFO: [ view_parse ] --END-- [ RunTime:0.075147s ]
INFO: [ view_filter ] --START--
INFO: Run Behavior\WriteHtmlCache [ RunTime:0.002871s ]
INFO: [ view_filter ] --END-- [ RunTime:0.007853s ]

[ 2015-02-01T13:39:18+08:00 ] 127.0.0.1 /index.php/Home/Index/login
INFO: [ app_begin ] --START--
INFO: Run Behavior\ReadHtmlCache [ RunTime:0.002915s ]
INFO: [ app_begin ] --END-- [ RunTime:0.008266s ]
INFO: [ view_parse ] --START--
INFO: [ template_filter ] --START--
INFO: Run Behavior\ContentReplace [ RunTime:0.002544s ]
INFO: [ template_filter ] --END-- [ RunTime:0.007674s ]
INFO: Run Behavior\ParseTemplate [ RunTime:0.062206s ]
INFO: [ view_parse ] --END-- [ RunTime:0.068227s ]
INFO: [ view_filter ] --START--
INFO: Run Behavior\WriteHtmlCache [ RunTime:0.002671s ]
INFO: [ view_filter ] --END-- [ RunTime:0.007714s ]
INFO: [ app_end ] --START--
INFO: Run Behavior\ShowPageTrace [ RunTime:0.003356s ]
INFO: [ app_end ] --END-- [ RunTime:0.008398s ]

[ 2015-02-01T13:39:19+08:00 ] 127.0.0.1 /index.php/Home/Index/ajaxChkLogin
INFO: [ app_begin ] --START--
INFO: Run Behavior\ReadHtmlCache [ RunTime:0.002830s ]
INFO: [ app_begin ] --END-- [ RunTime:0.007247s ]
ERR: 非法操作:ajaxchklogin

[ 2015-02-01T13:39:20+08:00 ] 127.0.0.1 /index.php/Home/Index/login
INFO: [ app_begin ] --START--
INFO: Run Behavior\ReadHtmlCache [ RunTime:0.003099s ]
INFO: [ app_begin ] --END-- [ RunTime:0.008569s ]
SQL: SHOW COLUMNS FROM `php28_member` [ RunTime:0.006666s ]
SQL: SELECT * FROM `php28_member` WHERE ( username='song' ) LIMIT 1   [ RunTime:0.001818s ]
INFO: [ view_parse ] --START--
INFO: [ template_filter ] --START--
INFO: Run Behavior\ContentReplace [ RunTime:0.001778s ]
INFO: [ template_filter ] --END-- [ RunTime:0.006869s ]
INFO: Run Behavior\ParseTemplate [ RunTime:0.068237s ]
INFO: [ view_parse ] --END-- [ RunTime:0.073345s ]
INFO: [ view_filter ] --START--
INFO: Run Behavior\WriteHtmlCache [ RunTime:0.002676s ]
INFO: [ view_filter ] --END-- [ RunTime:0.007679s ]

[ 2015-02-01T13:39:23+08:00 ] 127.0.0.1 /index.php/Home/Index/login
INFO: [ app_begin ] --START--
INFO: Run Behavior\ReadHtmlCache [ RunTime:0.003059s ]
INFO: [ app_begin ] --END-- [ RunTime:0.008901s ]
INFO: [ view_parse ] --START--
INFO: [ template_filter ] --START--
INFO: Run Behavior\ContentReplace [ RunTime:0.001903s ]
INFO: [ template_filter ] --END-- [ RunTime:0.007154s ]
INFO: Run Behavior\ParseTemplate [ RunTime:0.061100s ]
INFO: [ view_parse ] --END-- [ RunTime:0.066673s ]
INFO: [ view_filter ] --START--
INFO: Run Behavior\WriteHtmlCache [ RunTime:0.002770s ]
INFO: [ view_filter ] --END-- [ RunTime:0.007927s ]
INFO: [ app_end ] --START--
INFO: Run Behavior\ShowPageTrace [ RunTime:0.003333s ]
INFO: [ app_end ] --END-- [ RunTime:0.011025s ]

[ 2015-02-01T13:39:23+08:00 ] 127.0.0.1 /index.php/Home/Index/ajaxChkLogin
INFO: [ app_begin ] --START--
INFO: Run Behavior\ReadHtmlCache [ RunTime:0.002819s ]
INFO: [ app_begin ] --END-- [ RunTime:0.007127s ]
ERR: 非法操作:ajaxchklogin

[ 2015-02-01T13:39:26+08:00 ] 127.0.0.1 /index.php/Home/Index/login
INFO: [ app_begin ] --START--
INFO: Run Behavior\ReadHtmlCache [ RunTime:0.002704s ]
INFO: [ app_begin ] --END-- [ RunTime:0.008065s ]
SQL: SHOW COLUMNS FROM `php28_member` [ RunTime:0.008738s ]
SQL: SELECT * FROM `php28_member` WHERE ( username='song' ) LIMIT 1   [ RunTime:0.001990s ]
INFO: [ view_parse ] --START--
INFO: [ template_filter ] --START--
INFO: Run Behavior\ContentReplace [ RunTime:0.001846s ]
INFO: [ template_filter ] --END-- [ RunTime:0.007304s ]
INFO: Run Behavior\ParseTemplate [ RunTime:0.073945s ]
INFO: [ view_parse ] --END-- [ RunTime:0.079231s ]
INFO: [ view_filter ] --START--
INFO: Run Behavior\WriteHtmlCache [ RunTime:0.003400s ]
INFO: [ view_filter ] --END-- [ RunTime:0.008735s ]

[ 2015-02-01T13:39:30+08:00 ] 127.0.0.1 /index.php/Home/Index/login
INFO: [ app_begin ] --START--
INFO: Run Behavior\ReadHtmlCache [ RunTime:0.002852s ]
INFO: [ app_begin ] --END-- [ RunTime:0.008101s ]
INFO: [ view_parse ] --START--
INFO: [ template_filter ] --START--
INFO: Run Behavior\ContentReplace [ RunTime:0.001833s ]
INFO: [ template_filter ] --END-- [ RunTime:0.006848s ]
INFO: Run Behavior\ParseTemplate [ RunTime:0.058864s ]
INFO: [ view_parse ] --END-- [ RunTime:0.064749s ]
INFO: [ view_filter ] --START--
INFO: Run Behavior\WriteHtmlCache [ RunTime:0.002685s ]
INFO: [ view_filter ] --END-- [ RunTime:0.007669s ]
INFO: [ app_end ] --START--
INFO: Run Behavior\ShowPageTrace [ RunTime:0.003204s ]
INFO: [ app_end ] --END-- [ RunTime:0.009539s ]

[ 2015-02-01T13:39:30+08:00 ] 127.0.0.1 /index.php/Home/Index/ajaxChkLogin
INFO: [ app_begin ] --START--
INFO: Run Behavior\ReadHtmlCache [ RunTime:0.003323s ]
INFO: [ app_begin ] --END-- [ RunTime:0.008465s ]
ERR: 非法操作:ajaxchklogin

[ 2015-02-01T13:41:29+08:00 ] 127.0.0.1 /index.php/Home/Index/login
INFO: [ app_begin ] --START--
INFO: Run Behavior\ReadHtmlCache [ RunTime:0.003258s ]
INFO: [ app_begin ] --END-- [ RunTime:0.009894s ]
SQL: SHOW COLUMNS FROM `php28_member` [ RunTime:0.005956s ]
SQL: SELECT * FROM `php28_member` WHERE ( username='song' ) LIMIT 1   [ RunTime:0.001508s ]

[ 2015-02-01T13:41:30+08:00 ] 127.0.0.1 /
INFO: [ app_begin ] --START--
INFO: Run Behavior\ReadHtmlCache [ RunTime:0.003170s ]
INFO: [ app_begin ] --END-- [ RunTime:0.008623s ]
INFO: [ app_end ] --START--
INFO: Run Behavior\ShowPageTrace [ RunTime:0.003366s ]
INFO: [ app_end ] --END-- [ RunTime:0.009061s ]

[ 2015-02-01T13:43:19+08:00 ] 127.0.0.1 /index.php/Home/Index/login
INFO: [ app_begin ] --START--
INFO: Run Behavior\ReadHtmlCache [ RunTime:0.002954s ]
INFO: [ app_begin ] --END-- [ RunTime:0.008169s ]
INFO: [ view_parse ] --START--
INFO: [ template_filter ] --START--
INFO: Run Behavior\ContentReplace [ RunTime:0.001829s ]
INFO: [ template_filter ] --END-- [ RunTime:0.006917s ]
INFO: Run Behavior\ParseTemplate [ RunTime:0.059768s ]
INFO: [ view_parse ] --END-- [ RunTime:0.064810s ]
INFO: [ view_filter ] --START--
INFO: Run Behavior\WriteHtmlCache [ RunTime:0.002973s ]
INFO: [ view_filter ] --END-- [ RunTime:0.008023s ]
INFO: [ app_end ] --START--
INFO: Run Behavior\ShowPageTrace [ RunTime:0.002967s ]
INFO: [ app_end ] --END-- [ RunTime:0.008626s ]

[ 2015-02-01T13:43:19+08:00 ] 127.0.0.1 /index.php/Home/Index/ajaxChkLogin
INFO: [ app_begin ] --START--
INFO: Run Behavior\ReadHtmlCache [ RunTime:0.002883s ]
INFO: [ app_begin ] --END-- [ RunTime:0.007311s ]
ERR: 非法操作:ajaxchklogin

[ 2015-02-01T13:43:26+08:00 ] 127.0.0.1 /index.php/Home/Index/login
INFO: [ app_begin ] --START--
INFO: Run Behavior\ReadHtmlCache [ RunTime:0.002831s ]
INFO: [ app_begin ] --END-- [ RunTime:0.008692s ]
SQL: SHOW COLUMNS FROM `php28_member` [ RunTime:0.006486s ]
SQL: SELECT * FROM `php28_member` WHERE ( username='woshishui' ) LIMIT 1   [ RunTime:0.001540s ]
INFO: [ view_parse ] --START--
INFO: [ template_filter ] --START--
INFO: Run Behavior\ContentReplace [ RunTime:0.001869s ]
INFO: [ template_filter ] --END-- [ RunTime:0.007105s ]
INFO: Run Behavior\ParseTemplate [ RunTime:0.072914s ]
INFO: [ view_parse ] --END-- [ RunTime:0.078225s ]
INFO: [ view_filter ] --START--
INFO: Run Behavior\WriteHtmlCache [ RunTime:0.003003s ]
INFO: [ view_filter ] --END-- [ RunTime:0.008603s ]

[ 2015-02-01T13:43:30+08:00 ] 127.0.0.1 /index.php/Home/Index/login
INFO: [ app_begin ] --START--
INFO: Run Behavior\ReadHtmlCache [ RunTime:0.003018s ]
INFO: [ app_begin ] --END-- [ RunTime:0.008311s ]
INFO: [ view_parse ] --START--
INFO: [ template_filter ] --START--
INFO: Run Behavior\ContentReplace [ RunTime:0.001847s ]
INFO: [ template_filter ] --END-- [ RunTime:0.006922s ]
INFO: Run Behavior\ParseTemplate [ RunTime:0.060074s ]
INFO: [ view_parse ] --END-- [ RunTime:0.065096s ]
INFO: [ view_filter ] --START--
INFO: Run Behavior\WriteHtmlCache [ RunTime:0.002705s ]
INFO: [ view_filter ] --END-- [ RunTime:0.007771s ]
INFO: [ app_end ] --START--
INFO: Run Behavior\ShowPageTrace [ RunTime:0.003497s ]
INFO: [ app_end ] --END-- [ RunTime:0.009303s ]

[ 2015-02-01T13:43:30+08:00 ] 127.0.0.1 /index.php/Home/Index/ajaxChkLogin
INFO: [ app_begin ] --START--
INFO: Run Behavior\ReadHtmlCache [ RunTime:0.002927s ]
INFO: [ app_begin ] --END-- [ RunTime:0.007476s ]
ERR: 非法操作:ajaxchklogin

[ 2015-02-01T13:43:49+08:00 ] 127.0.0.1 /index.php/Home/Index/login
INFO: [ app_begin ] --START--
INFO: Run Behavior\ReadHtmlCache [ RunTime:0.002868s ]
INFO: [ app_begin ] --END-- [ RunTime:0.008492s ]
SQL: SHOW COLUMNS FROM `php28_member` [ RunTime:0.006132s ]
SQL: SELECT * FROM `php28_member` WHERE ( username='woshihsui' ) LIMIT 1   [ RunTime:0.001674s ]
INFO: [ view_parse ] --START--
INFO: [ template_filter ] --START--
INFO: Run Behavior\ContentReplace [ RunTime:0.001999s ]
INFO: [ template_filter ] --END-- [ RunTime:0.007807s ]
INFO: Run Behavior\ParseTemplate [ RunTime:0.072662s ]
INFO: [ view_parse ] --END-- [ RunTime:0.078194s ]
INFO: [ view_filter ] --START--
INFO: Run Behavior\WriteHtmlCache [ RunTime:0.002786s ]
INFO: [ view_filter ] --END-- [ RunTime:0.008060s ]

[ 2015-02-01T13:43:52+08:00 ] 127.0.0.1 /index.php/Home/Index/login
INFO: [ app_begin ] --START--
INFO: Run Behavior\ReadHtmlCache [ RunTime:0.003418s ]
INFO: [ app_begin ] --END-- [ RunTime:0.008719s ]
INFO: [ view_parse ] --START--
INFO: [ template_filter ] --START--
INFO: Run Behavior\ContentReplace [ RunTime:0.001857s ]
INFO: [ template_filter ] --END-- [ RunTime:0.007222s ]
INFO: Run Behavior\ParseTemplate [ RunTime:0.062216s ]
INFO: [ view_parse ] --END-- [ RunTime:0.067442s ]
INFO: [ view_filter ] --START--
INFO: Run Behavior\WriteHtmlCache [ RunTime:0.002730s ]
INFO: [ view_filter ] --END-- [ RunTime:0.008190s ]
INFO: [ app_end ] --START--
INFO: Run Behavior\ShowPageTrace [ RunTime:0.003449s ]
INFO: [ app_end ] --END-- [ RunTime:0.009554s ]

[ 2015-02-01T13:43:52+08:00 ] 127.0.0.1 /index.php/Home/Index/ajaxChkLogin
INFO: [ app_begin ] --START--
INFO: Run Behavior\ReadHtmlCache [ RunTime:0.002788s ]
INFO: [ app_begin ] --END-- [ RunTime:0.007096s ]
ERR: 非法操作:ajaxchklogin

[ 2015-02-01T13:44:51+08:00 ] 127.0.0.1 /index.php/Home/Index/login
INFO: [ app_begin ] --START--
INFO: Run Behavior\ReadHtmlCache [ RunTime:0.002407s ]
INFO: [ app_begin ] --END-- [ RunTime:0.008152s ]
SQL: SHOW COLUMNS FROM `php28_member` [ RunTime:0.006008s ]
SQL: SELECT * FROM `php28_member` WHERE ( username='wo ' ) LIMIT 1   [ RunTime:0.001732s ]
INFO: [ view_parse ] --START--
INFO: [ template_filter ] --START--
INFO: Run Behavior\ContentReplace [ RunTime:0.002603s ]
INFO: [ template_filter ] --END-- [ RunTime:0.008229s ]
INFO: Run Behavior\ParseTemplate [ RunTime:0.068769s ]
INFO: [ view_parse ] --END-- [ RunTime:0.073877s ]
INFO: [ view_filter ] --START--
INFO: Run Behavior\WriteHtmlCache [ RunTime:0.002736s ]
INFO: [ view_filter ] --END-- [ RunTime:0.007877s ]

[ 2015-02-01T13:44:54+08:00 ] 127.0.0.1 /index.php/Home/Index/login
INFO: [ app_begin ] --START--
INFO: Run Behavior\ReadHtmlCache [ RunTime:0.003136s ]
INFO: [ app_begin ] --END-- [ RunTime:0.008882s ]
INFO: [ view_parse ] --START--
INFO: [ template_filter ] --START--
INFO: Run Behavior\ContentReplace [ RunTime:0.001921s ]
INFO: [ template_filter ] --END-- [ RunTime:0.007120s ]
INFO: Run Behavior\ParseTemplate [ RunTime:0.063007s ]
INFO: [ view_parse ] --END-- [ RunTime:0.068391s ]
INFO: [ view_filter ] --START--
INFO: Run Behavior\WriteHtmlCache [ RunTime:0.002845s ]
INFO: [ view_filter ] --END-- [ RunTime:0.008475s ]
INFO: [ app_end ] --START--
INFO: Run Behavior\ShowPageTrace [ RunTime:0.003092s ]
INFO: [ app_end ] --END-- [ RunTime:0.008277s ]

[ 2015-02-01T13:44:55+08:00 ] 127.0.0.1 /index.php/Home/Index/ajaxChkLogin
INFO: [ app_begin ] --START--
INFO: Run Behavior\ReadHtmlCache [ RunTime:0.002797s ]
INFO: [ app_begin ] --END-- [ RunTime:0.007175s ]
ERR: 非法操作:ajaxchklogin

[ 2015-02-01T13:45:19+08:00 ] 127.0.0.1 /index.php/Home/Index/login
INFO: [ app_begin ] --START--
INFO: Run Behavior\ReadHtmlCache [ RunTime:0.002806s ]
INFO: [ app_begin ] --END-- [ RunTime:0.008119s ]
SQL: SHOW COLUMNS FROM `php28_member` [ RunTime:0.005908s ]
SQL: SELECT * FROM `php28_member` WHERE ( username='wo ' ) LIMIT 1   [ RunTime:0.001842s ]

[ 2015-02-01T13:45:19+08:00 ] 127.0.0.1 /
INFO: [ app_begin ] --START--
INFO: Run Behavior\ReadHtmlCache [ RunTime:0.002986s ]
INFO: [ app_begin ] --END-- [ RunTime:0.008843s ]
INFO: [ app_end ] --START--
INFO: Run Behavior\ShowPageTrace [ RunTime:0.003155s ]
INFO: [ app_end ] --END-- [ RunTime:0.008712s ]

[ 2015-02-01T13:46:57+08:00 ] 127.0.0.1 /
INFO: [ app_begin ] --START--
INFO: Run Behavior\ReadHtmlCache [ RunTime:0.003233s ]
INFO: [ app_begin ] --END-- [ RunTime:0.008685s ]
INFO: [ app_end ] --START--
INFO: Run Behavior\ShowPageTrace [ RunTime:0.006406s ]
INFO: [ app_end ] --END-- [ RunTime:0.011621s ]

[ 2015-02-01T13:46:58+08:00 ] 127.0.0.1 /
INFO: [ app_begin ] --START--
INFO: Run Behavior\ReadHtmlCache [ RunTime:0.002881s ]
INFO: [ app_begin ] --END-- [ RunTime:0.008131s ]
INFO: [ app_end ] --START--
INFO: Run Behavior\ShowPageTrace [ RunTime:0.002926s ]
INFO: [ app_end ] --END-- [ RunTime:0.007915s ]

[ 2015-02-01T13:46:59+08:00 ] 127.0.0.1 /
INFO: [ app_begin ] --START--
INFO: Run Behavior\ReadHtmlCache [ RunTime:0.002935s ]
INFO: [ app_begin ] --END-- [ RunTime:0.008420s ]
INFO: [ app_end ] --START--
INFO: Run Behavior\ShowPageTrace [ RunTime:0.003474s ]
INFO: [ app_end ] --END-- [ RunTime:0.008649s ]

[ 2015-02-01T13:47:00+08:00 ] 127.0.0.1 /
INFO: [ app_begin ] --START--
INFO: Run Behavior\ReadHtmlCache [ RunTime:0.003298s ]
INFO: [ app_begin ] --END-- [ RunTime:0.009008s ]
INFO: [ app_end ] --START--
INFO: Run Behavior\ShowPageTrace [ RunTime:0.002863s ]
INFO: [ app_end ] --END-- [ RunTime:0.008986s ]

[ 2015-02-01T13:47:00+08:00 ] 127.0.0.1 /
INFO: [ app_begin ] --START--
INFO: Run Behavior\ReadHtmlCache [ RunTime:0.002922s ]
INFO: [ app_begin ] --END-- [ RunTime:0.008287s ]
INFO: [ app_end ] --START--
INFO: Run Behavior\ShowPageTrace [ RunTime:0.003054s ]
INFO: [ app_end ] --END-- [ RunTime:0.008641s ]

[ 2015-02-01T13:47:00+08:00 ] 127.0.0.1 /
INFO: [ app_begin ] --START--
INFO: Run Behavior\ReadHtmlCache [ RunTime:0.002894s ]
INFO: [ app_begin ] --END-- [ RunTime:0.009353s ]
INFO: [ app_end ] --START--
INFO: Run Behavior\ShowPageTrace [ RunTime:0.003025s ]
INFO: [ app_end ] --END-- [ RunTime:0.008200s ]

[ 2015-02-01T13:47:00+08:00 ] 127.0.0.1 /
INFO: [ app_begin ] --START--
INFO: Run Behavior\ReadHtmlCache [ RunTime:0.002953s ]
INFO: [ app_begin ] --END-- [ RunTime:0.008429s ]
INFO: [ app_end ] --START--
INFO: Run Behavior\ShowPageTrace [ RunTime:0.003432s ]
INFO: [ app_end ] --END-- [ RunTime:0.008628s ]

[ 2015-02-01T13:47:01+08:00 ] 127.0.0.1 /
INFO: [ app_begin ] --START--
INFO: Run Behavior\ReadHtmlCache [ RunTime:0.002948s ]
INFO: [ app_begin ] --END-- [ RunTime:0.008739s ]
INFO: [ app_end ] --START--
INFO: Run Behavior\ShowPageTrace [ RunTime:0.002906s ]
INFO: [ app_end ] --END-- [ RunTime:0.008040s ]

[ 2015-02-01T13:47:01+08:00 ] 127.0.0.1 /
INFO: [ app_begin ] --START--
INFO: Run Behavior\ReadHtmlCache [ RunTime:0.002922s ]
INFO: [ app_begin ] --END-- [ RunTime:0.008348s ]
INFO: [ app_end ] --START--
INFO: Run Behavior\ShowPageTrace [ RunTime:0.002957s ]
INFO: [ app_end ] --END-- [ RunTime:0.008312s ]

[ 2015-02-01T13:47:25+08:00 ] 127.0.0.1 /index.php/Home/Index/goods.html
INFO: [ app_begin ] --START--
INFO: Run Behavior\ReadHtmlCache [ RunTime:0.003531s ]
INFO: [ app_begin ] --END-- [ RunTime:0.009410s ]
INFO: [ view_parse ] --START--
NOTIC: [2] file_get_contents(./Application/Home/View/../../Layout/layout.html) [<a href='function.file-get-contents'>function.file-get-contents</a>]: failed to open stream: No such file or directory G:\www\ThinkPHP\Library\Think\Template.class.php 第 211 行.
INFO: [ template_filter ] --START--
INFO: Run Behavior\ContentReplace [ RunTime:0.001782s ]
INFO: [ template_filter ] --END-- [ RunTime:0.007000s ]
INFO: Run Behavior\ParseTemplate [ RunTime:0.059437s ]
INFO: [ view_parse ] --END-- [ RunTime:0.064533s ]
INFO: [ view_filter ] --START--
INFO: Run Behavior\WriteHtmlCache [ RunTime:0.003134s ]
INFO: [ view_filter ] --END-- [ RunTime:0.008936s ]
INFO: [ app_end ] --START--
INFO: Run Behavior\ShowPageTrace [ RunTime:0.003704s ]
INFO: [ app_end ] --END-- [ RunTime:0.008712s ]

[ 2015-02-01T13:48:01+08:00 ] 127.0.0.1 /index.php/Home/Index/goods.html
INFO: [ app_begin ] --START--
INFO: Run Behavior\ReadHtmlCache [ RunTime:0.003126s ]
INFO: [ app_begin ] --END-- [ RunTime:0.008491s ]
INFO: [ view_parse ] --START--
NOTIC: [2] file_get_contents(./Application/Home/View/../../Layout/layout.html) [<a href='function.file-get-contents'>function.file-get-contents</a>]: failed to open stream: No such file or directory G:\www\ThinkPHP\Library\Think\Template.class.php 第 211 行.
INFO: [ template_filter ] --START--
INFO: Run Behavior\ContentReplace [ RunTime:0.001783s ]
INFO: [ template_filter ] --END-- [ RunTime:0.006927s ]
INFO: Run Behavior\ParseTemplate [ RunTime:0.057125s ]
INFO: [ view_parse ] --END-- [ RunTime:0.062284s ]
INFO: [ view_filter ] --START--
INFO: Run Behavior\WriteHtmlCache [ RunTime:0.004163s ]
INFO: [ view_filter ] --END-- [ RunTime:0.009546s ]
INFO: [ app_end ] --START--
INFO: Run Behavior\ShowPageTrace [ RunTime:0.003934s ]
INFO: [ app_end ] --END-- [ RunTime:0.009544s ]

[ 2015-02-01T13:48:02+08:00 ] 127.0.0.1 /index.php/Home/Index/goods.html
INFO: [ app_begin ] --START--
INFO: Run Behavior\ReadHtmlCache [ RunTime:0.003492s ]
INFO: [ app_begin ] --END-- [ RunTime:0.008937s ]
INFO: [ view_parse ] --START--
NOTIC: [2] file_get_contents(./Application/Home/View/../../Layout/layout.html) [<a href='function.file-get-contents'>function.file-get-contents</a>]: failed to open stream: No such file or directory G:\www\ThinkPHP\Library\Think\Template.class.php 第 211 行.
INFO: [ template_filter ] --START--
INFO: Run Behavior\ContentReplace [ RunTime:0.001781s ]
INFO: [ template_filter ] --END-- [ RunTime:0.007326s ]
INFO: Run Behavior\ParseTemplate [ RunTime:0.077841s ]
INFO: [ view_parse ] --END-- [ RunTime:0.083153s ]
INFO: [ view_filter ] --START--
INFO: Run Behavior\WriteHtmlCache [ RunTime:0.002697s ]
INFO: [ view_filter ] --END-- [ RunTime:0.007941s ]
INFO: [ app_end ] --START--
INFO: Run Behavior\ShowPageTrace [ RunTime:0.003173s ]
INFO: [ app_end ] --END-- [ RunTime:0.008244s ]

[ 2015-02-01T13:48:04+08:00 ] 127.0.0.1 /index.php/Home/Index/goods.html
INFO: [ app_begin ] --START--
INFO: Run Behavior\ReadHtmlCache [ RunTime:0.004340s ]
INFO: [ app_begin ] --END-- [ RunTime:0.010512s ]
INFO: [ view_parse ] --START--
NOTIC: [2] file_get_contents(./Application/Home/View/../../Layout/layout.html) [<a href='function.file-get-contents'>function.file-get-contents</a>]: failed to open stream: No such file or directory G:\www\ThinkPHP\Library\Think\Template.class.php 第 211 行.
INFO: [ template_filter ] --START--
INFO: Run Behavior\ContentReplace [ RunTime:0.001804s ]
INFO: [ template_filter ] --END-- [ RunTime:0.007086s ]
INFO: Run Behavior\ParseTemplate [ RunTime:0.059029s ]
INFO: [ view_parse ] --END-- [ RunTime:0.064319s ]
INFO: [ view_filter ] --START--
INFO: Run Behavior\WriteHtmlCache [ RunTime:0.002735s ]
INFO: [ view_filter ] --END-- [ RunTime:0.008249s ]
INFO: [ app_end ] --START--
INFO: Run Behavior\ShowPageTrace [ RunTime:0.003913s ]
INFO: [ app_end ] --END-- [ RunTime:0.009052s ]

[ 2015-02-01T13:48:05+08:00 ] 127.0.0.1 /index.php/Home/Index/goods.html
INFO: [ app_begin ] --START--
INFO: Run Behavior\ReadHtmlCache [ RunTime:0.002926s ]
INFO: [ app_begin ] --END-- [ RunTime:0.008731s ]
INFO: [ view_parse ] --START--
NOTIC: [2] file_get_contents(./Application/Home/View/../../Layout/layout.html) [<a href='function.file-get-contents'>function.file-get-contents</a>]: failed to open stream: No such file or directory G:\www\ThinkPHP\Library\Think\Template.class.php 第 211 行.
INFO: [ template_filter ] --START--
INFO: Run Behavior\ContentReplace [ RunTime:0.001849s ]
INFO: [ template_filter ] --END-- [ RunTime:0.007338s ]
INFO: Run Behavior\ParseTemplate [ RunTime:0.059329s ]
INFO: [ view_parse ] --END-- [ RunTime:0.064639s ]
INFO: [ view_filter ] --START--
INFO: Run Behavior\WriteHtmlCache [ RunTime:0.003752s ]
INFO: [ view_filter ] --END-- [ RunTime:0.009442s ]
INFO: [ app_end ] --START--
INFO: Run Behavior\ShowPageTrace [ RunTime:0.003755s ]
INFO: [ app_end ] --END-- [ RunTime:0.009588s ]

