[ 2015-02-09T10:58:02+08:00 ] 127.0.0.1 /index.php/Home/Index/login
INFO: [ app_begin ] --START--
INFO: Run Behavior\ReadHtmlCache [ RunTime:0.004542s ]
INFO: [ app_begin ] --END-- [ RunTime:0.037190s ]
INFO: [ view_parse ] --START--
INFO: [ template_filter ] --START--
INFO: Run Behavior\ContentReplace [ RunTime:0.002041s ]
INFO: [ template_filter ] --END-- [ RunTime:0.007588s ]
INFO: Run Behavior\ParseTemplate [ RunTime:0.228522s ]
INFO: [ view_parse ] --END-- [ RunTime:0.235127s ]
INFO: [ view_filter ] --START--
INFO: Run Behavior\WriteHtmlCache [ RunTime:0.038186s ]
INFO: [ view_filter ] --END-- [ RunTime:0.043777s ]
INFO: [ app_end ] --START--
INFO: Run Behavior\ShowPageTrace [ RunTime:0.004453s ]
INFO: [ app_end ] --END-- [ RunTime:0.010331s ]

[ 2015-02-09T10:58:14+08:00 ] 127.0.0.1 /index.php/Home/Index/login
INFO: [ app_begin ] --START--
INFO: Run Behavior\ReadHtmlCache [ RunTime:0.003022s ]
INFO: [ app_begin ] --END-- [ RunTime:0.008654s ]
SQL: SHOW COLUMNS FROM `php28_member` [ RunTime:2.571823s ]
SQL: SELECT * FROM `php28_member` WHERE ( username='song' ) LIMIT 1   [ RunTime:0.020762s ]

[ 2015-02-09T10:58:14+08:00 ] 127.0.0.1 /
INFO: [ app_begin ] --START--
INFO: Run Behavior\ReadHtmlCache [ RunTime:0.003584s ]
INFO: [ app_begin ] --END-- [ RunTime:0.009235s ]
INFO: [ app_end ] --START--
INFO: Run Behavior\ShowPageTrace [ RunTime:0.003445s ]
INFO: [ app_end ] --END-- [ RunTime:0.009200s ]

